<?xml version="1.0" encoding="UTF-8" ?>
<testsuite failures="0" time="28.65" errors="0" skipped="1" tests="212" name="org.openmrs.api.ConceptServiceTest">
  <properties>
    <property name="java.runtime.name" value="Java(TM) SE Runtime Environment"/>
    <property name="sun.boot.library.path" value="C:\Program Files\Java\jdk1.7.0_79\jre\bin"/>
    <property name="java.vm.version" value="24.79-b02"/>
    <property name="java.vm.vendor" value="Oracle Corporation"/>
    <property name="java.vendor.url" value="http://java.oracle.com/"/>
    <property name="path.separator" value=";"/>
    <property name="java.vm.name" value="Java HotSpot(TM) 64-Bit Server VM"/>
    <property name="file.encoding.pkg" value="sun.io"/>
    <property name="user.script" value=""/>
    <property name="user.country" value="US"/>
    <property name="sun.java.launcher" value="SUN_STANDARD"/>
    <property name="sun.os.patch.level" value=""/>
    <property name="java.vm.specification.name" value="Java Virtual Machine Specification"/>
    <property name="user.dir" value="C:\Users\jmaxy\isante-plus\openmrs-core\api"/>
    <property name="java.runtime.version" value="1.7.0_79-b15"/>
    <property name="java.awt.graphicsenv" value="sun.awt.Win32GraphicsEnvironment"/>
    <property name="basedir" value="C:\Users\jmaxy\isante-plus\openmrs-core\api"/>
    <property name="java.endorsed.dirs" value="C:\Program Files\Java\jdk1.7.0_79\jre\lib\endorsed"/>
    <property name="os.arch" value="amd64"/>
    <property name="surefire.real.class.path" value="C:\Users\jmaxy\AppData\Local\Temp\surefirebooter2658118719673640292.jar"/>
    <property name="java.io.tmpdir" value="C:\Users\jmaxy\AppData\Local\Temp\"/>
    <property name="line.separator" value="
"/>
    <property name="java.vm.specification.vendor" value="Oracle Corporation"/>
    <property name="user.variant" value=""/>
    <property name="os.name" value="Windows 8.1"/>
    <property name="sun.jnu.encoding" value="Cp1252"/>
    <property name="java.library.path" value="C:\Program Files\Java\jdk1.7.0_79\jre\bin;C:\WINDOWS\Sun\Java\bin;C:\WINDOWS\system32;C:\WINDOWS;C:/Program Files/Java/jdk1.7.0_79/jre/bin/server;C:/Program Files/Java/jdk1.7.0_79/jre/bin;C:/Program Files/Java/jdk1.7.0_79/jre/lib/amd64;C:\ProgramData\Oracle\Java\javapath;C:\Program Files (x86)\EasyPHP-DevServer-14.1VC11\binaries\php\php_runningversion;c:\Program Files (x86)\Intel\iCLS Client\;c:\Program Files\Intel\iCLS Client\;C:\WINDOWS\system32;C:\WINDOWS;C:\WINDOWS\System32\Wbem;C:\WINDOWS\System32\WindowsPowerShell\v1.0\;c:\Program Files (x86)\ATI Technologies\ATI.ACE\Core-Static;C:\Program Files (x86)\Intel\OpenCL SDK\3.0\bin\x86;C:\Program Files (x86)\Intel\OpenCL SDK\3.0\bin\x64;C:\Program Files\Intel\Intel(R) Management Engine Components\DAL;C:\Program Files\Intel\Intel(R) Management Engine Components\IPT;C:\Program Files (x86)\Intel\Intel(R) Management Engine Components\DAL;C:\Program Files (x86)\Intel\Intel(R) Management Engine Components\IPT;C:\Program Files (x86)\MySQL\MySQL Utilities 1.4.3\;C:\Program Files (x86)\MySQL\MySQL Utilities 1.4.3\Doctrine extensions for PHP\;C:\Program Files\Java\jdk1.8.0_20;c:\Program Files (x86)\Microsoft SQL Server\100\Tools\Binn\;c:\Program Files\Microsoft SQL Server\100\Tools\Binn\;c:\Program Files\Microsoft SQL Server\100\DTS\Binn\;C:\Program Files\Microsoft SQL Server\120\Tools\Binn\;C:\Program Files\Microsoft SQL Server\Client SDK\ODBC\110\Tools\Binn\;C:\Program Files (x86)\Microsoft SQL Server\120\Tools\Binn\;C:\Program Files\Microsoft SQL Server\120\DTS\Binn\;C:\Program Files (x86)\Microsoft SQL Server\120\Tools\Binn\ManagementStudio\;C:\Program Files (x86)\Microsoft SQL Server\120\DTS\Binn\;C:\HashiCorp\Vagrant\bin;C:\Program Files (x86)\Skype\Phone\;C:\Program Files\Apache\maven\bin;;C:\Program Files (x86)\omrssdk-1.0.6\bin;C:\Program Files (x86)\Cracklock\Bin;C:\Users\jmaxy\Desktop;;."/>
    <property name="surefire.test.class.path" value="C:\Users\jmaxy\isante-plus\openmrs-core\api\target\test-classes;C:\Users\jmaxy\isante-plus\openmrs-core\api\target\classes;C:\Users\jmaxy\.m2\repository\org\springframework\spring-test\3.2.7.RELEASE\spring-test-3.2.7.RELEASE.jar;C:\Users\jmaxy\.m2\repository\com\h2database\h2\1.4.187\h2-1.4.187.jar;C:\Users\jmaxy\.m2\repository\junit\junit\4.11\junit-4.11.jar;C:\Users\jmaxy\.m2\repository\org\databene\databene-benerator\0.5.9\databene-benerator-0.5.9.jar;C:\Users\jmaxy\.m2\repository\org\databene\databene-webdecs\0.4.9\databene-webdecs-0.4.9.jar;C:\Users\jmaxy\.m2\repository\org\apache\poi\poi\3.5-beta5\poi-3.5-beta5.jar;C:\Users\jmaxy\.m2\repository\org\freemarker\freemarker\2.3.9\freemarker-2.3.9.jar;C:\Users\jmaxy\.m2\repository\org\databene\databene-commons\0.4.9\databene-commons-0.4.9.jar;C:\Users\jmaxy\.m2\repository\org\databene\databene-gui\0.1.9\databene-gui-0.1.9.jar;C:\Users\jmaxy\.m2\repository\net\sourceforge\jtds\jtds\1.2.4\jtds-1.2.4.jar;C:\Users\jmaxy\.m2\repository\mysql\mysql-connector-java\5.1.28\mysql-connector-java-5.1.28.jar;C:\Users\jmaxy\.m2\repository\org\apache\derby\derbyclient\10.4.2.0\derbyclient-10.4.2.0.jar;C:\Users\jmaxy\.m2\repository\postgresql\postgresql\9.0-801.jdbc4\postgresql-9.0-801.jdbc4.jar;C:\Users\jmaxy\.m2\repository\org\dbunit\dbunit\2.4.7\dbunit-2.4.7.jar;C:\Users\jmaxy\.m2\repository\xmlunit\xmlunit\1.3\xmlunit-1.3.jar;C:\Users\jmaxy\.m2\repository\org\mockito\mockito-core\1.9.5\mockito-core-1.9.5.jar;C:\Users\jmaxy\.m2\repository\org\objenesis\objenesis\1.0\objenesis-1.0.jar;C:\Users\jmaxy\.m2\repository\org\powermock\powermock-module-junit4\1.5\powermock-module-junit4-1.5.jar;C:\Users\jmaxy\.m2\repository\org\powermock\powermock-module-junit4-common\1.5\powermock-module-junit4-common-1.5.jar;C:\Users\jmaxy\.m2\repository\org\powermock\powermock-core\1.5\powermock-core-1.5.jar;C:\Users\jmaxy\.m2\repository\org\powermock\powermock-reflect\1.5\powermock-reflect-1.5.jar;C:\Users\jmaxy\.m2\repository\org\powermock\powermock-api-mockito\1.5\powermock-api-mockito-1.5.jar;C:\Users\jmaxy\.m2\repository\org\powermock\powermock-api-support\1.5\powermock-api-support-1.5.jar;C:\Users\jmaxy\.m2\repository\org\hamcrest\hamcrest-core\1.3\hamcrest-core-1.3.jar;C:\Users\jmaxy\.m2\repository\org\hamcrest\hamcrest-library\1.3\hamcrest-library-1.3.jar;C:\Users\jmaxy\.m2\repository\com\carrotsearch\junit-benchmarks\0.7.0\junit-benchmarks-0.7.0.jar;C:\Users\jmaxy\.m2\repository\commons-collections\commons-collections\3.2\commons-collections-3.2.jar;C:\Users\jmaxy\.m2\repository\org\apache\commons\commons-lang3\3.1\commons-lang3-3.1.jar;C:\Users\jmaxy\.m2\repository\commons-beanutils\commons-beanutils\1.7.0\commons-beanutils-1.7.0.jar;C:\Users\jmaxy\.m2\repository\commons-io\commons-io\1.4\commons-io-1.4.jar;C:\Users\jmaxy\.m2\repository\org\azeckoski\reflectutils\0.9.14\reflectutils-0.9.14.jar;C:\Users\jmaxy\.m2\repository\org\apache\velocity\velocity\1.6.2\velocity-1.6.2.jar;C:\Users\jmaxy\.m2\repository\commons-lang\commons-lang\2.4\commons-lang-2.4.jar;C:\Users\jmaxy\.m2\repository\log4j\log4j\1.2.15\log4j-1.2.15.jar;C:\Users\jmaxy\.m2\repository\org\springframework\spring-core\3.2.7.RELEASE\spring-core-3.2.7.RELEASE.jar;C:\Users\jmaxy\.m2\repository\org\springframework\spring-beans\3.2.7.RELEASE\spring-beans-3.2.7.RELEASE.jar;C:\Users\jmaxy\.m2\repository\org\springframework\spring-context\3.2.7.RELEASE\spring-context-3.2.7.RELEASE.jar;C:\Users\jmaxy\.m2\repository\org\springframework\spring-expression\3.2.7.RELEASE\spring-expression-3.2.7.RELEASE.jar;C:\Users\jmaxy\.m2\repository\org\springframework\spring-aop\3.2.7.RELEASE\spring-aop-3.2.7.RELEASE.jar;C:\Users\jmaxy\.m2\repository\aopalliance\aopalliance\1.0\aopalliance-1.0.jar;C:\Users\jmaxy\.m2\repository\org\springframework\spring-orm\3.2.7.RELEASE\spring-orm-3.2.7.RELEASE.jar;C:\Users\jmaxy\.m2\repository\org\springframework\spring-tx\3.2.7.RELEASE\spring-tx-3.2.7.RELEASE.jar;C:\Users\jmaxy\.m2\repository\org\springframework\spring-jdbc\3.2.7.RELEASE\spring-jdbc-3.2.7.RELEASE.jar;C:\Users\jmaxy\.m2\repository\org\antlr\antlr-runtime\3.4\antlr-runtime-3.4.jar;C:\Users\jmaxy\.m2\repository\org\antlr\stringtemplate\3.2.1\stringtemplate-3.2.1.jar;C:\Users\jmaxy\.m2\repository\antlr\antlr\2.7.7\antlr-2.7.7.jar;C:\Users\jmaxy\.m2\repository\asm\asm-commons\2.2.3\asm-commons-2.2.3.jar;C:\Users\jmaxy\.m2\repository\asm\asm-tree\2.2.3\asm-tree-2.2.3.jar;C:\Users\jmaxy\.m2\repository\asm\asm\2.2.3\asm-2.2.3.jar;C:\Users\jmaxy\.m2\repository\asm\asm-util\2.2.3\asm-util-2.2.3.jar;C:\Users\jmaxy\.m2\repository\cglib\cglib-nodep\2.2\cglib-nodep-2.2.jar;C:\Users\jmaxy\.m2\repository\ca\uhn\hapi\hapi-base\2.0\hapi-base-2.0.jar;C:\Users\jmaxy\.m2\repository\commons-cli\commons-cli\1.2\commons-cli-1.2.jar;C:\Users\jmaxy\.m2\repository\org\jdom\jdom\1.1\jdom-1.1.jar;C:\Users\jmaxy\.m2\repository\xalan\xalan\2.7.0\xalan-2.7.0.jar;C:\Users\jmaxy\.m2\repository\ca\uhn\hapi\hapi-structures-v25\2.0\hapi-structures-v25-2.0.jar;C:\Users\jmaxy\.m2\repository\ca\uhn\hapi\hapi-structures-v26\2.0\hapi-structures-v26-2.0.jar;C:\Users\jmaxy\.m2\repository\org\openmrs\simpleframework\simple-xml\1.6.1-mod\simple-xml-1.6.1-mod.jar;C:\Users\jmaxy\.m2\repository\stax\stax\1.2.0\stax-1.2.0.jar;C:\Users\jmaxy\.m2\repository\stax\stax-api\1.0.1\stax-api-1.0.1.jar;C:\Users\jmaxy\.m2\repository\org\javassist\javassist\3.19.0-GA\javassist-3.19.0-GA.jar;C:\Users\jmaxy\.m2\repository\org\openmrs\hibernate\hibernate-core\3.6.5.Final-mod\hibernate-core-3.6.5.Final-mod.jar;C:\Users\jmaxy\.m2\repository\org\hibernate\hibernate-commons-annotations\3.2.0.Final\hibernate-commons-annotations-3.2.0.Final.jar;C:\Users\jmaxy\.m2\repository\org\hibernate\javax\persistence\hibernate-jpa-2.0-api\1.0.0.Final\hibernate-jpa-2.0-api-1.0.0.Final.jar;C:\Users\jmaxy\.m2\repository\javax\transaction\jta\1.1\jta-1.1.jar;C:\Users\jmaxy\.m2\repository\org\hibernate\hibernate-c3p0\3.6.5.Final\hibernate-c3p0-3.6.5.Final.jar;C:\Users\jmaxy\.m2\repository\org\hibernate\hibernate-ehcache\3.6.5.Final\hibernate-ehcache-3.6.5.Final.jar;C:\Users\jmaxy\.m2\repository\org\hibernate\hibernate-search\3.4.2.Final\hibernate-search-3.4.2.Final.jar;C:\Users\jmaxy\.m2\repository\org\hibernate\hibernate-search-analyzers\3.4.2.Final\hibernate-search-analyzers-3.4.2.Final.jar;C:\Users\jmaxy\.m2\repository\org\apache\lucene\lucene-analyzers\3.1.0\lucene-analyzers-3.1.0.jar;C:\Users\jmaxy\.m2\repository\org\apache\solr\solr-analysis-extras\3.1.0\solr-analysis-extras-3.1.0.jar;C:\Users\jmaxy\.m2\repository\org\apache\solr\solr-core\3.1.0\solr-core-3.1.0.jar;C:\Users\jmaxy\.m2\repository\org\apache\solr\solr-solrj\3.1.0\solr-solrj-3.1.0.jar;C:\Users\jmaxy\.m2\repository\org\apache\lucene\lucene-highlighter\3.1.0\lucene-highlighter-3.1.0.jar;C:\Users\jmaxy\.m2\repository\org\apache\lucene\lucene-memory\3.1.0\lucene-memory-3.1.0.jar;C:\Users\jmaxy\.m2\repository\org\apache\lucene\lucene-misc\3.1.0\lucene-misc-3.1.0.jar;C:\Users\jmaxy\.m2\repository\org\apache\lucene\lucene-spatial\3.1.0\lucene-spatial-3.1.0.jar;C:\Users\jmaxy\.m2\repository\org\apache\lucene\lucene-spellchecker\3.1.0\lucene-spellchecker-3.1.0.jar;C:\Users\jmaxy\.m2\repository\org\apache\solr\solr-commons-csv\3.1.0\solr-commons-csv-3.1.0.jar;C:\Users\jmaxy\.m2\repository\commons-codec\commons-codec\1.4\commons-codec-1.4.jar;C:\Users\jmaxy\.m2\repository\org\apache\lucene\lucene-smartcn\3.1.0\lucene-smartcn-3.1.0.jar;C:\Users\jmaxy\.m2\repository\org\apache\lucene\lucene-stempel\3.1.0\lucene-stempel-3.1.0.jar;C:\Users\jmaxy\.m2\repository\org\apache\lucene\lucene-core\3.1.0\lucene-core-3.1.0.jar;C:\Users\jmaxy\.m2\repository\org\apache\lucene\lucene-queries\3.1.0\lucene-queries-3.1.0.jar;C:\Users\jmaxy\.m2\repository\jakarta-regexp\jakarta-regexp\1.4\jakarta-regexp-1.4.jar;C:\Users\jmaxy\.m2\repository\dom4j\dom4j\1.6.1\dom4j-1.6.1.jar;C:\Users\jmaxy\.m2\repository\c3p0\c3p0\0.9.1\c3p0-0.9.1.jar;C:\Users\jmaxy\.m2\repository\net\sf\ehcache\ehcache-core\2.2.0\ehcache-core-2.2.0.jar;C:\Users\jmaxy\.m2\repository\org\slf4j\slf4j-api\1.6.0\slf4j-api-1.6.0.jar;C:\Users\jmaxy\.m2\repository\org\slf4j\jcl-over-slf4j\1.6.0\jcl-over-slf4j-1.6.0.jar;C:\Users\jmaxy\.m2\repository\org\slf4j\slf4j-log4j12\1.6.0\slf4j-log4j12-1.6.0.jar;C:\Users\jmaxy\.m2\repository\com\thoughtworks\xstream\xstream\1.4.3\xstream-1.4.3.jar;C:\Users\jmaxy\.m2\repository\xmlpull\xmlpull\1.1.3.1\xmlpull-1.1.3.1.jar;C:\Users\jmaxy\.m2\repository\xpp3\xpp3_min\1.1.4c\xpp3_min-1.1.4c.jar;C:\Users\jmaxy\.m2\repository\javax\mail\mail\1.4.1\mail-1.4.1.jar;C:\Users\jmaxy\.m2\repository\javax\activation\activation\1.1\activation-1.1.jar;C:\Users\jmaxy\.m2\repository\org\liquibase\liquibase-core\2.0.5\liquibase-core-2.0.5.jar;C:\Users\jmaxy\.m2\repository\org\openmrs\liquibase\ext\modify-column\2.0.2\modify-column-2.0.2.jar;C:\Users\jmaxy\.m2\repository\org\openmrs\liquibase\ext\identity-insert\1.2.1\identity-insert-1.2.1.jar;C:\Users\jmaxy\.m2\repository\org\openmrs\liquibase\ext\type-converter\1.0.1\type-converter-1.0.1.jar;C:\Users\jmaxy\.m2\repository\xerces\xercesImpl\2.8.0\xercesImpl-2.8.0.jar;C:\Users\jmaxy\.m2\repository\xml-apis\xml-apis\1.3.03\xml-apis-1.3.03.jar;C:\Users\jmaxy\.m2\repository\xml-resolver\xml-resolver\1.1\xml-resolver-1.1.jar;C:\Users\jmaxy\.m2\repository\javax\validation\validation-api\1.0.0.GA\validation-api-1.0.0.GA.jar;C:\Users\jmaxy\.m2\repository\org\hibernate\hibernate-validator\4.2.0.Final\hibernate-validator-4.2.0.Final.jar;C:\Users\jmaxy\.m2\repository\org\codehaus\jackson\jackson-core-asl\1.9.13\jackson-core-asl-1.9.13.jar;C:\Users\jmaxy\.m2\repository\org\codehaus\jackson\jackson-mapper-asl\1.9.13\jackson-mapper-asl-1.9.13.jar;C:\Users\jmaxy\.m2\repository\org\codehaus\groovy\groovy-all\1.7.6\groovy-all-1.7.6.jar;"/>
    <property name="java.specification.name" value="Java Platform API Specification"/>
    <property name="java.class.version" value="51.0"/>
    <property name="sun.management.compiler" value="HotSpot 64-Bit Tiered Compilers"/>
    <property name="os.version" value="6.3"/>
    <property name="user.home" value="C:\Users\jmaxy"/>
    <property name="user.timezone" value="America/Bogota"/>
    <property name="java.awt.printerjob" value="sun.awt.windows.WPrinterJob"/>
    <property name="java.specification.version" value="1.7"/>
    <property name="file.encoding" value="Cp1252"/>
    <property name="user.name" value="jmaxy"/>
    <property name="java.class.path" value="C:\Users\jmaxy\isante-plus\openmrs-core\api\target\test-classes;C:\Users\jmaxy\isante-plus\openmrs-core\api\target\classes;C:\Users\jmaxy\.m2\repository\org\springframework\spring-test\3.2.7.RELEASE\spring-test-3.2.7.RELEASE.jar;C:\Users\jmaxy\.m2\repository\com\h2database\h2\1.4.187\h2-1.4.187.jar;C:\Users\jmaxy\.m2\repository\junit\junit\4.11\junit-4.11.jar;C:\Users\jmaxy\.m2\repository\org\databene\databene-benerator\0.5.9\databene-benerator-0.5.9.jar;C:\Users\jmaxy\.m2\repository\org\databene\databene-webdecs\0.4.9\databene-webdecs-0.4.9.jar;C:\Users\jmaxy\.m2\repository\org\apache\poi\poi\3.5-beta5\poi-3.5-beta5.jar;C:\Users\jmaxy\.m2\repository\org\freemarker\freemarker\2.3.9\freemarker-2.3.9.jar;C:\Users\jmaxy\.m2\repository\org\databene\databene-commons\0.4.9\databene-commons-0.4.9.jar;C:\Users\jmaxy\.m2\repository\org\databene\databene-gui\0.1.9\databene-gui-0.1.9.jar;C:\Users\jmaxy\.m2\repository\net\sourceforge\jtds\jtds\1.2.4\jtds-1.2.4.jar;C:\Users\jmaxy\.m2\repository\mysql\mysql-connector-java\5.1.28\mysql-connector-java-5.1.28.jar;C:\Users\jmaxy\.m2\repository\org\apache\derby\derbyclient\10.4.2.0\derbyclient-10.4.2.0.jar;C:\Users\jmaxy\.m2\repository\postgresql\postgresql\9.0-801.jdbc4\postgresql-9.0-801.jdbc4.jar;C:\Users\jmaxy\.m2\repository\org\dbunit\dbunit\2.4.7\dbunit-2.4.7.jar;C:\Users\jmaxy\.m2\repository\xmlunit\xmlunit\1.3\xmlunit-1.3.jar;C:\Users\jmaxy\.m2\repository\org\mockito\mockito-core\1.9.5\mockito-core-1.9.5.jar;C:\Users\jmaxy\.m2\repository\org\objenesis\objenesis\1.0\objenesis-1.0.jar;C:\Users\jmaxy\.m2\repository\org\powermock\powermock-module-junit4\1.5\powermock-module-junit4-1.5.jar;C:\Users\jmaxy\.m2\repository\org\powermock\powermock-module-junit4-common\1.5\powermock-module-junit4-common-1.5.jar;C:\Users\jmaxy\.m2\repository\org\powermock\powermock-core\1.5\powermock-core-1.5.jar;C:\Users\jmaxy\.m2\repository\org\powermock\powermock-reflect\1.5\powermock-reflect-1.5.jar;C:\Users\jmaxy\.m2\repository\org\powermock\powermock-api-mockito\1.5\powermock-api-mockito-1.5.jar;C:\Users\jmaxy\.m2\repository\org\powermock\powermock-api-support\1.5\powermock-api-support-1.5.jar;C:\Users\jmaxy\.m2\repository\org\hamcrest\hamcrest-core\1.3\hamcrest-core-1.3.jar;C:\Users\jmaxy\.m2\repository\org\hamcrest\hamcrest-library\1.3\hamcrest-library-1.3.jar;C:\Users\jmaxy\.m2\repository\com\carrotsearch\junit-benchmarks\0.7.0\junit-benchmarks-0.7.0.jar;C:\Users\jmaxy\.m2\repository\commons-collections\commons-collections\3.2\commons-collections-3.2.jar;C:\Users\jmaxy\.m2\repository\org\apache\commons\commons-lang3\3.1\commons-lang3-3.1.jar;C:\Users\jmaxy\.m2\repository\commons-beanutils\commons-beanutils\1.7.0\commons-beanutils-1.7.0.jar;C:\Users\jmaxy\.m2\repository\commons-io\commons-io\1.4\commons-io-1.4.jar;C:\Users\jmaxy\.m2\repository\org\azeckoski\reflectutils\0.9.14\reflectutils-0.9.14.jar;C:\Users\jmaxy\.m2\repository\org\apache\velocity\velocity\1.6.2\velocity-1.6.2.jar;C:\Users\jmaxy\.m2\repository\commons-lang\commons-lang\2.4\commons-lang-2.4.jar;C:\Users\jmaxy\.m2\repository\log4j\log4j\1.2.15\log4j-1.2.15.jar;C:\Users\jmaxy\.m2\repository\org\springframework\spring-core\3.2.7.RELEASE\spring-core-3.2.7.RELEASE.jar;C:\Users\jmaxy\.m2\repository\org\springframework\spring-beans\3.2.7.RELEASE\spring-beans-3.2.7.RELEASE.jar;C:\Users\jmaxy\.m2\repository\org\springframework\spring-context\3.2.7.RELEASE\spring-context-3.2.7.RELEASE.jar;C:\Users\jmaxy\.m2\repository\org\springframework\spring-expression\3.2.7.RELEASE\spring-expression-3.2.7.RELEASE.jar;C:\Users\jmaxy\.m2\repository\org\springframework\spring-aop\3.2.7.RELEASE\spring-aop-3.2.7.RELEASE.jar;C:\Users\jmaxy\.m2\repository\aopalliance\aopalliance\1.0\aopalliance-1.0.jar;C:\Users\jmaxy\.m2\repository\org\springframework\spring-orm\3.2.7.RELEASE\spring-orm-3.2.7.RELEASE.jar;C:\Users\jmaxy\.m2\repository\org\springframework\spring-tx\3.2.7.RELEASE\spring-tx-3.2.7.RELEASE.jar;C:\Users\jmaxy\.m2\repository\org\springframework\spring-jdbc\3.2.7.RELEASE\spring-jdbc-3.2.7.RELEASE.jar;C:\Users\jmaxy\.m2\repository\org\antlr\antlr-runtime\3.4\antlr-runtime-3.4.jar;C:\Users\jmaxy\.m2\repository\org\antlr\stringtemplate\3.2.1\stringtemplate-3.2.1.jar;C:\Users\jmaxy\.m2\repository\antlr\antlr\2.7.7\antlr-2.7.7.jar;C:\Users\jmaxy\.m2\repository\asm\asm-commons\2.2.3\asm-commons-2.2.3.jar;C:\Users\jmaxy\.m2\repository\asm\asm-tree\2.2.3\asm-tree-2.2.3.jar;C:\Users\jmaxy\.m2\repository\asm\asm\2.2.3\asm-2.2.3.jar;C:\Users\jmaxy\.m2\repository\asm\asm-util\2.2.3\asm-util-2.2.3.jar;C:\Users\jmaxy\.m2\repository\cglib\cglib-nodep\2.2\cglib-nodep-2.2.jar;C:\Users\jmaxy\.m2\repository\ca\uhn\hapi\hapi-base\2.0\hapi-base-2.0.jar;C:\Users\jmaxy\.m2\repository\commons-cli\commons-cli\1.2\commons-cli-1.2.jar;C:\Users\jmaxy\.m2\repository\org\jdom\jdom\1.1\jdom-1.1.jar;C:\Users\jmaxy\.m2\repository\xalan\xalan\2.7.0\xalan-2.7.0.jar;C:\Users\jmaxy\.m2\repository\ca\uhn\hapi\hapi-structures-v25\2.0\hapi-structures-v25-2.0.jar;C:\Users\jmaxy\.m2\repository\ca\uhn\hapi\hapi-structures-v26\2.0\hapi-structures-v26-2.0.jar;C:\Users\jmaxy\.m2\repository\org\openmrs\simpleframework\simple-xml\1.6.1-mod\simple-xml-1.6.1-mod.jar;C:\Users\jmaxy\.m2\repository\stax\stax\1.2.0\stax-1.2.0.jar;C:\Users\jmaxy\.m2\repository\stax\stax-api\1.0.1\stax-api-1.0.1.jar;C:\Users\jmaxy\.m2\repository\org\javassist\javassist\3.19.0-GA\javassist-3.19.0-GA.jar;C:\Users\jmaxy\.m2\repository\org\openmrs\hibernate\hibernate-core\3.6.5.Final-mod\hibernate-core-3.6.5.Final-mod.jar;C:\Users\jmaxy\.m2\repository\org\hibernate\hibernate-commons-annotations\3.2.0.Final\hibernate-commons-annotations-3.2.0.Final.jar;C:\Users\jmaxy\.m2\repository\org\hibernate\javax\persistence\hibernate-jpa-2.0-api\1.0.0.Final\hibernate-jpa-2.0-api-1.0.0.Final.jar;C:\Users\jmaxy\.m2\repository\javax\transaction\jta\1.1\jta-1.1.jar;C:\Users\jmaxy\.m2\repository\org\hibernate\hibernate-c3p0\3.6.5.Final\hibernate-c3p0-3.6.5.Final.jar;C:\Users\jmaxy\.m2\repository\org\hibernate\hibernate-ehcache\3.6.5.Final\hibernate-ehcache-3.6.5.Final.jar;C:\Users\jmaxy\.m2\repository\org\hibernate\hibernate-search\3.4.2.Final\hibernate-search-3.4.2.Final.jar;C:\Users\jmaxy\.m2\repository\org\hibernate\hibernate-search-analyzers\3.4.2.Final\hibernate-search-analyzers-3.4.2.Final.jar;C:\Users\jmaxy\.m2\repository\org\apache\lucene\lucene-analyzers\3.1.0\lucene-analyzers-3.1.0.jar;C:\Users\jmaxy\.m2\repository\org\apache\solr\solr-analysis-extras\3.1.0\solr-analysis-extras-3.1.0.jar;C:\Users\jmaxy\.m2\repository\org\apache\solr\solr-core\3.1.0\solr-core-3.1.0.jar;C:\Users\jmaxy\.m2\repository\org\apache\solr\solr-solrj\3.1.0\solr-solrj-3.1.0.jar;C:\Users\jmaxy\.m2\repository\org\apache\lucene\lucene-highlighter\3.1.0\lucene-highlighter-3.1.0.jar;C:\Users\jmaxy\.m2\repository\org\apache\lucene\lucene-memory\3.1.0\lucene-memory-3.1.0.jar;C:\Users\jmaxy\.m2\repository\org\apache\lucene\lucene-misc\3.1.0\lucene-misc-3.1.0.jar;C:\Users\jmaxy\.m2\repository\org\apache\lucene\lucene-spatial\3.1.0\lucene-spatial-3.1.0.jar;C:\Users\jmaxy\.m2\repository\org\apache\lucene\lucene-spellchecker\3.1.0\lucene-spellchecker-3.1.0.jar;C:\Users\jmaxy\.m2\repository\org\apache\solr\solr-commons-csv\3.1.0\solr-commons-csv-3.1.0.jar;C:\Users\jmaxy\.m2\repository\commons-codec\commons-codec\1.4\commons-codec-1.4.jar;C:\Users\jmaxy\.m2\repository\org\apache\lucene\lucene-smartcn\3.1.0\lucene-smartcn-3.1.0.jar;C:\Users\jmaxy\.m2\repository\org\apache\lucene\lucene-stempel\3.1.0\lucene-stempel-3.1.0.jar;C:\Users\jmaxy\.m2\repository\org\apache\lucene\lucene-core\3.1.0\lucene-core-3.1.0.jar;C:\Users\jmaxy\.m2\repository\org\apache\lucene\lucene-queries\3.1.0\lucene-queries-3.1.0.jar;C:\Users\jmaxy\.m2\repository\jakarta-regexp\jakarta-regexp\1.4\jakarta-regexp-1.4.jar;C:\Users\jmaxy\.m2\repository\dom4j\dom4j\1.6.1\dom4j-1.6.1.jar;C:\Users\jmaxy\.m2\repository\c3p0\c3p0\0.9.1\c3p0-0.9.1.jar;C:\Users\jmaxy\.m2\repository\net\sf\ehcache\ehcache-core\2.2.0\ehcache-core-2.2.0.jar;C:\Users\jmaxy\.m2\repository\org\slf4j\slf4j-api\1.6.0\slf4j-api-1.6.0.jar;C:\Users\jmaxy\.m2\repository\org\slf4j\jcl-over-slf4j\1.6.0\jcl-over-slf4j-1.6.0.jar;C:\Users\jmaxy\.m2\repository\org\slf4j\slf4j-log4j12\1.6.0\slf4j-log4j12-1.6.0.jar;C:\Users\jmaxy\.m2\repository\com\thoughtworks\xstream\xstream\1.4.3\xstream-1.4.3.jar;C:\Users\jmaxy\.m2\repository\xmlpull\xmlpull\1.1.3.1\xmlpull-1.1.3.1.jar;C:\Users\jmaxy\.m2\repository\xpp3\xpp3_min\1.1.4c\xpp3_min-1.1.4c.jar;C:\Users\jmaxy\.m2\repository\javax\mail\mail\1.4.1\mail-1.4.1.jar;C:\Users\jmaxy\.m2\repository\javax\activation\activation\1.1\activation-1.1.jar;C:\Users\jmaxy\.m2\repository\org\liquibase\liquibase-core\2.0.5\liquibase-core-2.0.5.jar;C:\Users\jmaxy\.m2\repository\org\openmrs\liquibase\ext\modify-column\2.0.2\modify-column-2.0.2.jar;C:\Users\jmaxy\.m2\repository\org\openmrs\liquibase\ext\identity-insert\1.2.1\identity-insert-1.2.1.jar;C:\Users\jmaxy\.m2\repository\org\openmrs\liquibase\ext\type-converter\1.0.1\type-converter-1.0.1.jar;C:\Users\jmaxy\.m2\repository\xerces\xercesImpl\2.8.0\xercesImpl-2.8.0.jar;C:\Users\jmaxy\.m2\repository\xml-apis\xml-apis\1.3.03\xml-apis-1.3.03.jar;C:\Users\jmaxy\.m2\repository\xml-resolver\xml-resolver\1.1\xml-resolver-1.1.jar;C:\Users\jmaxy\.m2\repository\javax\validation\validation-api\1.0.0.GA\validation-api-1.0.0.GA.jar;C:\Users\jmaxy\.m2\repository\org\hibernate\hibernate-validator\4.2.0.Final\hibernate-validator-4.2.0.Final.jar;C:\Users\jmaxy\.m2\repository\org\codehaus\jackson\jackson-core-asl\1.9.13\jackson-core-asl-1.9.13.jar;C:\Users\jmaxy\.m2\repository\org\codehaus\jackson\jackson-mapper-asl\1.9.13\jackson-mapper-asl-1.9.13.jar;C:\Users\jmaxy\.m2\repository\org\codehaus\groovy\groovy-all\1.7.6\groovy-all-1.7.6.jar;"/>
    <property name="java.vm.specification.version" value="1.7"/>
    <property name="sun.arch.data.model" value="64"/>
    <property name="java.home" value="C:\Program Files\Java\jdk1.7.0_79\jre"/>
    <property name="sun.java.command" value="C:\Users\jmaxy\AppData\Local\Temp\surefirebooter2658118719673640292.jar C:\Users\jmaxy\AppData\Local\Temp\surefire5591108880062887717tmp C:\Users\jmaxy\AppData\Local\Temp\surefire4479343813805631535tmp"/>
    <property name="java.specification.vendor" value="Oracle Corporation"/>
    <property name="user.language" value="en"/>
    <property name="awt.toolkit" value="sun.awt.windows.WToolkit"/>
    <property name="java.vm.info" value="mixed mode"/>
    <property name="java.version" value="1.7.0_79"/>
    <property name="java.ext.dirs" value="C:\Program Files\Java\jdk1.7.0_79\jre\lib\ext;C:\WINDOWS\Sun\Java\lib\ext"/>
    <property name="sun.boot.class.path" value="C:\Program Files\Java\jdk1.7.0_79\jre\lib\resources.jar;C:\Program Files\Java\jdk1.7.0_79\jre\lib\rt.jar;C:\Program Files\Java\jdk1.7.0_79\jre\lib\sunrsasign.jar;C:\Program Files\Java\jdk1.7.0_79\jre\lib\jsse.jar;C:\Program Files\Java\jdk1.7.0_79\jre\lib\jce.jar;C:\Program Files\Java\jdk1.7.0_79\jre\lib\charsets.jar;C:\Program Files\Java\jdk1.7.0_79\jre\lib\jfr.jar;C:\Program Files\Java\jdk1.7.0_79\jre\classes"/>
    <property name="java.vendor" value="Oracle Corporation"/>
    <property name="localRepository" value="C:\Users\jmaxy\.m2\repository"/>
    <property name="file.separator" value="\"/>
    <property name="java.vendor.url.bug" value="http://bugreport.sun.com/bugreport/"/>
    <property name="sun.cpu.endian" value="little"/>
    <property name="sun.io.unicode.encoding" value="UnicodeLittle"/>
    <property name="sun.desktop" value="windows"/>
    <property name="sun.cpu.isalist" value="amd64"/>
  </properties>
  <testcase time="0.25" classname="org.openmrs.api.ConceptServiceTest" name="getConceptByName_shouldGetConceptByName"/>
  <testcase time="0.096" classname="org.openmrs.api.ConceptServiceTest" name="getConceptMapTypes_shouldNotIncludeHiddenConceptMapTypesIfIncludeHiddenIsSetToFalse"/>
  <testcase time="0.092" classname="org.openmrs.api.ConceptServiceTest" name="getDrugByUuid_shouldFindObjectGivenValidUuid"/>
  <testcase time="0.25" classname="org.openmrs.api.ConceptServiceTest" name="saveConcept_shouldSaveANewConceptNumeric"/>
  <testcase time="0.193" classname="org.openmrs.api.ConceptServiceTest" name="getConceptByName_shouldFindConceptsWithNamesInMoreSpecificLocales"/>
  <testcase time="0.423" classname="org.openmrs.api.ConceptServiceTest" name="getConcepts_shouldReturnASearchResultWhoseConceptNameContainsAllWordTokensAsFirst"/>
  <testcase time="0.087" classname="org.openmrs.api.ConceptServiceTest" name="getDefaultConceptMapType_shouldReturnTypeAsSetInGp"/>
  <testcase time="0.078" classname="org.openmrs.api.ConceptServiceTest" name="getConceptReferenceTermByName_shouldBeCaseInsensitive"/>
  <testcase time="0.082" classname="org.openmrs.api.ConceptServiceTest" name="getConceptNameTagByUuid_shouldReturnNullIfNoObjectFoundWithGivenUuid"/>
  <testcase time="0.238" classname="org.openmrs.api.ConceptServiceTest" name="saveConcept_shouldSaveAConceptNumericAsAConcept"/>
  <testcase time="0.18" classname="org.openmrs.api.ConceptServiceTest" name="saveConcept_shouldSetAuditInfoIfAnItemIsRemovedFromAnyOfItsChildCollections"/>
  <testcase time="0.168" classname="org.openmrs.api.ConceptServiceTest" name="getConcepts_shouldReturnConceptSearchResultsThatContainAllSearchWordsAsFirst"/>
  <testcase time="0.075" classname="org.openmrs.api.ConceptServiceTest" name="getAllConcepts_shouldOrderByConceptIdDescendingWhenSetAscParameterToFalse"/>
  <testcase time="0.075" classname="org.openmrs.api.ConceptServiceTest" name="getConceptMapTypeByName_shouldReturnAConceptMapTypeMatchingTheSpecifiedName"/>
  <testcase time="0.08" classname="org.openmrs.api.ConceptServiceTest" name="saveConceptStopWord_shouldSaveConceptStopWordAssignDefaultLocaleIsItNull"/>
  <testcase time="0.092" classname="org.openmrs.api.ConceptServiceTest" name="conceptIterator_shouldIterateOverAllConcepts"/>
  <testcase time="0.08" classname="org.openmrs.api.ConceptServiceTest" name="getDefaultConceptMapType_shouldReturnSameAsByDefault"/>
  <testcase time="0.085" classname="org.openmrs.api.ConceptServiceTest" name="saveConceptSource_shouldNotSetDateCreatedIfOneIsSuppliedAlready"/>
  <testcase time="0.076" classname="org.openmrs.api.ConceptServiceTest" name="getConceptByName_shouldReturnNullGivenBlankString"/>
  <testcase time="0.101" classname="org.openmrs.api.ConceptServiceTest" name="getCountOfConceptReferenceTerms_shouldIncludeRetiredTermsIfIncludeRetiredIsSetToTrue"/>
  <testcase time="0.113" classname="org.openmrs.api.ConceptServiceTest" name="getConceptsByMapping_shouldReturnEmptyListIfNoMappingsExist"/>
  <testcase time="0.079" classname="org.openmrs.api.ConceptServiceTest" name="getConceptSetByUuid_shouldReturnNullIfNoObjectFoundWithGivenUuid"/>
  <testcase time="0.083" classname="org.openmrs.api.ConceptServiceTest" name="getConcepts_shouldNotReturnConceptsWithMatchingNamesThatAreVoided"/>
  <testcase time="0.189" classname="org.openmrs.api.ConceptServiceTest" name="getDrugByMapping_shouldReturnADrugThatMatchesTheCodeAndSource"/>
  <testcase time="0.081" classname="org.openmrs.api.ConceptServiceTest" name="getDrugs_shouldRejectANullSearchPhrase"/>
  <testcase time="0.08" classname="org.openmrs.api.ConceptServiceTest" name="mapConceptProposalToConcept_shouldAllowRejectingProposals"/>
  <testcase time="0.108" classname="org.openmrs.api.ConceptServiceTest" name="getFalseConcept_shouldReturnTheFalseConcept"/>
  <testcase time="0.126" classname="org.openmrs.api.ConceptServiceTest" name="getConcepts_shouldNotFailWithNullClassesAndDatatypes"/>
  <testcase time="0.242" classname="org.openmrs.api.ConceptServiceTest" name="getConcepts_shouldReturnConceptSearchResultsThatMatchUniqueConcepts"/>
  <testcase time="0.131" classname="org.openmrs.api.ConceptServiceTest" name="getConceptByMapping_shouldReturnNullIfNoMappingExists"/>
  <testcase time="0.153" classname="org.openmrs.api.ConceptServiceTest" name="getDrugByMapping_shouldReturnADrugThatMatchesTheCodeAndSourceAndTheBestMapType"/>
  <testcase time="0.079" classname="org.openmrs.api.ConceptServiceTest" name="getAllConceptStopWords_shouldReturnEmptyListIfNoRecordFound"/>
  <testcase time="0.252" classname="org.openmrs.api.ConceptServiceTest" name="getDrugs_shouldGetDrugsLinkedToConceptsWithNamesThatMatchThePhraseAndRelatedLocales"/>
  <testcase time="0.066" classname="org.openmrs.api.ConceptServiceTest" name="getConceptByMapping_shouldReturnRetiredConceptIfOnlyMatch"/>
  <testcase time="0.079" classname="org.openmrs.api.ConceptServiceTest" name="saveConceptReferenceTerm_shouldUpdateChangesToTheConceptReferenceTermInTheDatabase"/>
  <testcase time="0.08" classname="org.openmrs.api.ConceptServiceTest" name="saveConcept_shouldEnsureThatEveryConcepNameLocaleHasExactlyOnePreferredName"/>
  <testcase time="0.133" classname="org.openmrs.api.ConceptServiceTest" name="getConceptSourceByName_shouldReturnNullIfNoConceptSourceWithThatNameIsFound"/>
  <testcase time="0.087" classname="org.openmrs.api.ConceptServiceTest" name="getDrugs_shouldIncludeRetiredDrugsIfIncludeRetiredIsSetToTrue"/>
  <testcase time="0.067" classname="org.openmrs.api.ConceptServiceTest" name="getConceptReferenceTerms_shouldReturnOnlyUnRetiredConceptReferenceTermsIfIncludeRetiredIsSetToFalse"/>
  <testcase time="0.145" classname="org.openmrs.api.ConceptServiceTest" name="getDrugsByMapping_shouldReturnRetiredAndNonretiredDrugsIfIncludeRetiredIsSetToTrue"/>
  <testcase time="0.085" classname="org.openmrs.api.ConceptServiceTest" name="mapConceptProposalToConcept_shouldNotSetValueCodedNameWhenAddConceptIsSelected"/>
  <testcase time="0.39" classname="org.openmrs.api.ConceptServiceTest" name="saveConcept_shouldNotFailWhenADuplicateNameIsEditedToAUniqueValue"/>
  <testcase time="0.169" classname="org.openmrs.api.ConceptServiceTest" name="saveConcept_shouldCreateAReferenceTermForAConceptMappingOnTheFlyWhenCreatingAConcept"/>
  <testcase time="0.099" classname="org.openmrs.api.ConceptServiceTest" name="retireConceptReferenceTerm_shouldRetireTheSpecifiedConceptReferenceTermWithTheGivenRetireReason"/>
  <testcase time="0.089" classname="org.openmrs.api.ConceptServiceTest" name="getAllConcepts_shouldOrderByAConceptField"/>
  <testcase time="0.188" classname="org.openmrs.api.ConceptServiceTest" name="getDrugs_shouldGetDrugsLinkedToConceptsWithNamesThatMatchThePhraseAndLocale"/>
  <testcase time="0.065" classname="org.openmrs.api.ConceptServiceTest" name="getConceptsByMapping_shouldGetConceptsWithGivenCodeAndSourceName"/>
  <testcase time="0.159" classname="org.openmrs.api.ConceptServiceTest" name="getDrugsByMapping_shouldMatchOnTheMapTypes"/>
  <testcase time="0.071" classname="org.openmrs.api.ConceptServiceTest" name="unretireConceptMapType_shouldUnretireTheSpecifiedConceptMapTypeAndDropAllRetireRelatedFields"/>
  <testcase time="0.194" classname="org.openmrs.api.ConceptServiceTest" name="getConcepts_shouldIncludeRetiredConceptsInTheSearchResults"/>
  <testcase time="0.08" classname="org.openmrs.api.ConceptServiceTest" name="getConceptStopWords_shouldReturnDefaultLocaleConceptStopWordsIfLocaleIsNull"/>
  <testcase time="0.174" classname="org.openmrs.api.ConceptServiceTest" name="getCountOfConcepts_shouldReturnACountOfUniqueConcepts"/>
  <testcase time="0.115" classname="org.openmrs.api.ConceptServiceTest" name="saveConceptSource_shouldNotSetCreatorIfOneIsSuppliedAlready"/>
  <testcase time="0.083" classname="org.openmrs.api.ConceptServiceTest" name="getDrugByMapping_shouldFailIfSourceIsNull"/>
  <testcase time="0.066" classname="org.openmrs.api.ConceptServiceTest" name="getConceptByMapping_shouldReturnNullIfSourceCodeDoesNotExist"/>
  <testcase time="0.143" classname="org.openmrs.api.ConceptServiceTest" name="getDrugsByMapping_shouldExcludeDuplicateMatches"/>
  <testcase time="0.277" classname="org.openmrs.api.ConceptServiceTest" name="getConceptsByConceptSet_shouldReturnAllConceptsInSet"/>
  <testcase time="0.071" classname="org.openmrs.api.ConceptServiceTest" name="getConceptByMapping_shouldGetConceptWithGivenCodeAndSourceHl7Code"/>
  <testcase time="0.097" classname="org.openmrs.api.ConceptServiceTest" name="getConceptsByMapping_shouldReturnRetiredAndNonRetiredConceptsByDefault"/>
  <testcase time="0.089" classname="org.openmrs.api.ConceptServiceTest" name="getConceptByMapping_shouldNotReturnRetiredConcept"/>
  <testcase time="0.224" classname="org.openmrs.api.ConceptServiceTest" name="saveConcept_shouldUpdateConceptAlreadyExistingInDatabase"/>
  <testcase time="0.296" classname="org.openmrs.api.ConceptServiceTest" name="purgeConceptNameTag_shouldDeleteTheSpecifiedConceptNameTagFromTheDatabase"/>
  <testcase time="0.07" classname="org.openmrs.api.ConceptServiceTest" name="getConceptAnswerByUuid_shouldFindObjectGivenValidUuid"/>
  <testcase time="0.082" classname="org.openmrs.api.ConceptServiceTest" name="getConceptDatatypeByUuid_shouldReturnNullIfNoObjectFoundWithGivenUuid"/>
  <testcase time="3.338" classname="org.openmrs.api.ConceptServiceTest" name="getConcepts_shouldReturnPreferredNamesHigher"/>
  <testcase time="0.099" classname="org.openmrs.api.ConceptServiceTest" name="getConceptStopWords_shouldReturnListOfConceptStopWordsForGivenLocale"/>
  <testcase time="0.172" classname="org.openmrs.api.ConceptServiceTest" name="getDrugsByMapping_shouldMatchOnTheConceptSource"/>
  <testcase time="0.069" classname="org.openmrs.api.ConceptServiceTest" name="getCountOfConceptReferenceTerms_shouldNotIncludeRetiredTermsIfIncludeRetiredIsSetToFalse"/>
  <testcase time="0.136" classname="org.openmrs.api.ConceptServiceTest" name="getConceptSourceByUuid_shouldFindObjectGivenValidUuid"/>
  <testcase time="0.072" classname="org.openmrs.api.ConceptServiceTest" name="saveConceptReferenceTerm_shouldAddAConceptReferenceTermToTheDatabaseAndAssignAnIdToIt"/>
  <testcase time="0.085" classname="org.openmrs.api.ConceptServiceTest" name="getConcepts_shouldFindConceptByFullCode"/>
  <testcase time="0.067" classname="org.openmrs.api.ConceptServiceTest" name="getConceptAnswerByUuid_shouldReturnNullIfNoObjectFoundWithGivenUuid"/>
  <testcase time="0.104" classname="org.openmrs.api.ConceptServiceTest" name="getConceptProposalByUuid_shouldReturnNullIfNoObjectFoundWithGivenUuid"/>
  <testcase time="0.105" classname="org.openmrs.api.ConceptServiceTest" name="saveConcept_shouldNotSetAuditInfoIfTheConceptIsNotEdited">
    <skipped/>
  </testcase>
  <testcase time="0.153" classname="org.openmrs.api.ConceptServiceTest" name="getDrugs_shouldReturnAllDrugsWithAMatchingTermCodeOrDrugNameOrConceptName"/>
  <testcase time="0.063" classname="org.openmrs.api.ConceptServiceTest" name="saveConceptNameTag_shouldSaveATagIfItIsSupplied"/>
  <testcase time="0.172" classname="org.openmrs.api.ConceptServiceTest" name="getConceptByName_shouldGetConceptByPartialName"/>
  <testcase time="0.063" classname="org.openmrs.api.ConceptServiceTest" name="getConceptReferenceTerms_shouldReturnOnlyTheConceptReferenceTermsFromTheGivenConceptSource"/>
  <testcase time="0.076" classname="org.openmrs.api.ConceptServiceTest" name="saveConcept_shouldAlwaysReturnAPreferredNameForEveryLocaleThatHasAtleastOneUnvoidedName"/>
  <testcase time="0.09" classname="org.openmrs.api.ConceptServiceTest" name="getDrugs_shouldGetDrugsLinkedToConceptsWithNamesThatMatchThePhrase"/>
  <testcase time="0.095" classname="org.openmrs.api.ConceptServiceTest" name="saveConceptStopWord_shouldSaveConceptStopWordIntoDatabase"/>
  <testcase time="0.125" classname="org.openmrs.api.ConceptServiceTest" name="getDrugs_shouldGetDrugsWithNamesMatchingTheSearchPhrase"/>
  <testcase time="0.096" classname="org.openmrs.api.ConceptServiceTest" name="getConceptNameByUuid_shouldReturnNullIfNoObjectFoundWithGivenUuid"/>
  <testcase time="0.076" classname="org.openmrs.api.ConceptServiceTest" name="getConceptSourceByUuid_shouldReturnNullIfNoObjectFoundWithGivenUuid"/>
  <testcase time="0.073" classname="org.openmrs.api.ConceptServiceTest" name="getDrugsByIngredient_shouldReturnDrugsMatchedByDrugConcept"/>
  <testcase time="0.071" classname="org.openmrs.api.ConceptServiceTest" name="getConceptByUuid_shouldReturnNullIfNoObjectFoundWithGivenUuid"/>
  <testcase time="0.072" classname="org.openmrs.api.ConceptServiceTest" name="getConceptMapTypeByUuid_shouldReturnAConceptMapTypeMatchingTheSpecifiedUuid"/>
  <testcase time="0.067" classname="org.openmrs.api.ConceptServiceTest" name="getConcept_shouldReturnNullGivenNullParameter"/>
  <testcase time="0.077" classname="org.openmrs.api.ConceptServiceTest" name="saveConceptSource_shouldSaveAConceptSourceWithANullHl7Code"/>
  <testcase time="0.072" classname="org.openmrs.api.ConceptServiceTest" name="getConceptMapTypeByName_shouldBeCaseInsensitive"/>
  <testcase time="0.096" classname="org.openmrs.api.ConceptServiceTest" name="getDrugs_shouldNotFailIfThereisNoDrugByGivenDrugId"/>
  <testcase time="0.072" classname="org.openmrs.api.ConceptServiceTest" name="getDrugsByIngredient_shouldReturnDrugsMatchedByIntermediateConcept"/>
  <testcase time="0.076" classname="org.openmrs.api.ConceptServiceTest" name="getDrugs_shouldReturnDrugsThatAreNotRetired"/>
  <testcase time="0.066" classname="org.openmrs.api.ConceptServiceTest" name="getDrugByMapping_shouldFailIfNoCodeAndConceptSourceAndWithAnyOfTheseTypesAreProvided"/>
  <testcase time="0.759" classname="org.openmrs.api.ConceptServiceTest" name="getConceptDatatypeByName_shouldNotReturnAFuzzyMatchOnName"/>
  <testcase time="0.085" classname="org.openmrs.api.ConceptServiceTest" name="conceptIterator_shouldStartWithTheSmallestConceptId"/>
  <testcase time="0.068" classname="org.openmrs.api.ConceptServiceTest" name="getConceptMapTypes_shouldReturnOnlyUnRetiredConceptMapTypesIfIncludeRetiredIsSetToFalse"/>
  <testcase time="0.184" classname="org.openmrs.api.ConceptServiceTest" name="getConcepts_shouldReturnASearchResultForPhraseWithStopWords"/>
  <testcase time="0.078" classname="org.openmrs.api.ConceptServiceTest" name="changeConceptFromBooleanToCoded_shouldFailIfTheDatatypeOfTheConceptIsNotBoolean"/>
  <testcase time="0.085" classname="org.openmrs.api.ConceptServiceTest" name="getConceptsByClass_shouldNotFailDueToNoNameInSearch"/>
  <testcase time="0.105" classname="org.openmrs.api.ConceptServiceTest" name="saveConcept_shouldSetAuditInfoIfAnItemIsAddedToAnyOfItsChildCollections"/>
  <testcase time="0.15" classname="org.openmrs.api.ConceptServiceTest" name="saveConcept_shouldSetAPreferredNameForEachLocaleIfNoneIsMarked"/>
  <testcase time="0.079" classname="org.openmrs.api.ConceptServiceTest" name="saveConceptMapType_shouldAddTheSpecifiedConceptMapTypeToTheDatabaseAndAssignToItAnId"/>
  <testcase time="0.068" classname="org.openmrs.api.ConceptServiceTest" name="getConceptNumericByUuid_shouldFindObjectGivenValidUuid"/>
  <testcase time="0.07" classname="org.openmrs.api.ConceptServiceTest" name="getConceptReferenceTerms_shouldReturnUniqueTermsWithACodeOrNameContainingTheSearchPhrase"/>
  <testcase time="0.187" classname="org.openmrs.api.ConceptServiceTest" name="changeConceptFromBooleanToCoded_shouldExplicitlyAddTrueConceptAsAValue_CodedAnswer"/>
  <testcase time="0.145" classname="org.openmrs.api.ConceptServiceTest" name="mapConceptProposalToConcept_shouldFailWhenAddingADuplicateSyonymn"/>
  <testcase time="0.104" classname="org.openmrs.api.ConceptServiceTest" name="saveConcept_shouldGenerateIdForNewConceptIfNoneIsSpecified"/>
  <testcase time="0.081" classname="org.openmrs.api.ConceptServiceTest" name="purgeConceptMapType_shouldDeleteTheSpecifiedConceptMapTypeFromTheDatabase"/>
  <testcase time="0.152" classname="org.openmrs.api.ConceptServiceTest" name="changeConceptFromBooleanToCoded_shouldConvertTheDatatypeOfABooleanConceptToCoded"/>
  <testcase time="0.077" classname="org.openmrs.api.ConceptServiceTest" name="getAllConcepts_shouldOrderByConceptIdAndIncludeRetiredWhenGivenNoParameters"/>
  <testcase time="0.074" classname="org.openmrs.api.ConceptServiceTest" name="getTrue_shouldReturnTheTrueConcept"/>
  <testcase time="0.112" classname="org.openmrs.api.ConceptServiceTest" name="saveConcept_shouldAddNewConceptName"/>
  <testcase time="0.083" classname="org.openmrs.api.ConceptServiceTest" name="getAllConcepts_shouldExcludeRetiredConceptsWhenSetIncludeRetiredToFalse"/>
  <testcase time="0.07" classname="org.openmrs.api.ConceptServiceTest" name="getConceptByUuid_shouldFindObjectGivenValidUuid"/>
  <testcase time="0.154" classname="org.openmrs.api.ConceptServiceTest" name="saveConcept_shouldCreateAReferenceTermForAConceptMappingOnTheFlyWhenEditingAConcept"/>
  <testcase time="0.148" classname="org.openmrs.api.ConceptServiceTest" name="saveConcept_shouldVoidTheConceptNameIfTheTextOfTheNameHasChanged"/>
  <testcase time="0.074" classname="org.openmrs.api.ConceptServiceTest" name="deleteConceptStopWord_shouldDeleteTheGivenConceptStopWord"/>
  <testcase time="0.074" classname="org.openmrs.api.ConceptServiceTest" name="retireConceptMapType_shouldShouldSetTheDefaultRetireReasonIfNoneIsGiven"/>
  <testcase time="0.082" classname="org.openmrs.api.ConceptServiceTest" name="getTrueConcept_shouldReturnTheTrueConcept"/>
  <testcase time="0.07" classname="org.openmrs.api.ConceptServiceTest" name="getDrugByUuid_shouldReturnNullIfNoObjectFoundWithGivenUuid"/>
  <testcase time="0.085" classname="org.openmrs.api.ConceptServiceTest" name="shouldFetchDescriptionsForConceptsThatWereFirstFetchedAsNumerics"/>
  <testcase time="0.101" classname="org.openmrs.api.ConceptServiceTest" name="saveConcept_shouldCreateANewConceptNameWhenTheOldNameIsChanged"/>
  <testcase time="0.104" classname="org.openmrs.api.ConceptServiceTest" name="saveConcept_shouldKeepIdForNewConceptIfOneIsSpecified"/>
  <testcase time="0.325" classname="org.openmrs.api.ConceptServiceTest" name="getConceptsByName_shouldReturnConceptsForSpecificCountryAndGlobalLanguageGivenLanguageAndCountryLocale"/>
  <testcase time="1.522" classname="org.openmrs.api.ConceptServiceTest" name="retireConceptSource_shouldRetireConceptSource"/>
  <testcase time="0.084" classname="org.openmrs.api.ConceptServiceTest" name="getFalse_shouldReturnTheFalseConcept"/>
  <testcase time="0.079" classname="org.openmrs.api.ConceptServiceTest" name="retireConceptReferenceTerm_shouldShouldSetTheDefaultRetireReasonIfNoneIsGiven"/>
  <testcase time="0.072" classname="org.openmrs.api.ConceptServiceTest" name="getConceptReferenceTermByCode_shouldReturnAConceptReferenceTermThatMatchesTheGivenCodeFromTheGivenSource"/>
  <testcase time="0.075" classname="org.openmrs.api.ConceptServiceTest" name="getConceptsByConceptSource_shouldReturnEmptyListOfConceptMapsIfNoneFound"/>
  <testcase time="0.069" classname="org.openmrs.api.ConceptServiceTest" name="getConceptSourceByName_shouldGetConceptSourceWithTheGivenName"/>
  <testcase time="0.125" classname="org.openmrs.api.ConceptServiceTest" name="changeConceptFromBooleanToCoded_shouldExplicitlyAddFalseConceptAsAValue_CodedAnswer"/>
  <testcase time="0.072" classname="org.openmrs.api.ConceptServiceTest" name="getConceptDatatypeByUuid_shouldFindObjectGivenValidUuid"/>
  <testcase time="0.066" classname="org.openmrs.api.ConceptServiceTest" name="getConceptNameTagByUuid_shouldFindObjectGivenValidUuid"/>
  <testcase time="0.148" classname="org.openmrs.api.ConceptServiceTest" name="getDrugs_shouldGetDrugsThatHaveMappingsWithReferenceTermCodesThatMatchThePhrase"/>
  <testcase time="0.06" classname="org.openmrs.api.ConceptServiceTest" name="saveConceptStopWord_shouldSaveConceptStopWordInUppercase"/>
  <testcase time="0.184" classname="org.openmrs.api.ConceptServiceTest" name="saveConcept_shouldPassWhenSavingAConceptAfterRemovingAName"/>
  <testcase time="0.149" classname="org.openmrs.api.ConceptServiceTest" name="getConceptComplex_shouldReturnAConceptComplexObject"/>
  <testcase time="0.064" classname="org.openmrs.api.ConceptServiceTest" name="getDrugsByMapping_shouldFailIfNoCodeAndConceptSourceAndWithAnyOfTheseTypesAreProvided"/>
  <testcase time="0.109" classname="org.openmrs.api.ConceptServiceTest" name="getCountOfConcepts_shouldNotFailWithNullClassesAndDatatypes"/>
  <testcase time="0.069" classname="org.openmrs.api.ConceptServiceTest" name="saveConceptNameTag_shouldNotSaveATagIfItIsInvalid"/>
  <testcase time="0.072" classname="org.openmrs.api.ConceptServiceTest" name="getConceptsByMapping_shouldReturnEmptyListIfSourceCodeDoesNotExist"/>
  <testcase time="0.169" classname="org.openmrs.api.ConceptServiceTest" name="saveConceptMapType_shouldUpdateAnExistingConceptMapType"/>
  <testcase time="0.102" classname="org.openmrs.api.ConceptServiceTest" name="getConceptByMapping_shouldThrowExceptionIfTwoConceptsHaveSameMapping"/>
  <testcase time="0.153" classname="org.openmrs.api.ConceptServiceTest" name="getDrugsByMapping_shouldReturnEmptyListIfNoMatchesAreFound"/>
  <testcase time="0.073" classname="org.openmrs.api.ConceptServiceTest" name="saveConceptNameTag_shouldSaveAConceptNameTagIfATagDoesNotExist"/>
  <testcase time="0.163" classname="org.openmrs.api.ConceptServiceTest" name="getConceptByName_shouldFindConceptsWithNamesInSameSpecificLocale"/>
  <testcase time="0.091" classname="org.openmrs.api.ConceptServiceTest" name="saveConceptStopWord_shouldSaveReturnConceptStopWordWithId"/>
  <testcase time="0.082" classname="org.openmrs.api.ConceptServiceTest" name="getConceptDescriptionByUuid_shouldReturnNullIfNoObjectFoundWithGivenUuid"/>
  <testcase time="0.077" classname="org.openmrs.api.ConceptServiceTest" name="getDrugs_shouldNotReturnDrugsThatAreRetired"/>
  <testcase time="0.073" classname="org.openmrs.api.ConceptServiceTest" name="getConceptsByConceptSource_shouldReturnAListOfConceptMapsIfConceptMappingsFound"/>
  <testcase time="0.209" classname="org.openmrs.api.ConceptServiceTest" name="getConcepts_shouldExcludeSpecifiedClassesFromTheSearchResults"/>
  <testcase time="0.089" classname="org.openmrs.api.ConceptServiceTest" name="mapConceptProposalToConcept_shouldSetValueCodedNameWhenAddSynonymIsSelected"/>
  <testcase time="0.097" classname="org.openmrs.api.ConceptServiceTest" name="unretireConceptReferenceTerm_shouldUnretireTheSpecifiedConceptReferenceTermAndDropAllRetireRelatedFields"/>
  <testcase time="0.071" classname="org.openmrs.api.ConceptServiceTest" name="getConceptReferenceTermByUuid_shouldReturnTheConceptReferenceTermThatMatchesTheGivenUuid"/>
  <testcase time="0.081" classname="org.openmrs.api.ConceptServiceTest" name="saveConceptNameTag_shouldSaveAnEditedNameTag"/>
  <testcase time="0.074" classname="org.openmrs.api.ConceptServiceTest" name="getConceptDescriptionByUuid_shouldFindObjectGivenValidUuid"/>
  <testcase time="0.224" classname="org.openmrs.api.ConceptServiceTest" name="saveConcept_shouldSaveNonConceptNumericObjectAsConceptNumeric"/>
  <testcase time="0.147" classname="org.openmrs.api.ConceptServiceTest" name="getDrugsByMapping_shouldGetAListOfAllDrugsThatMatchOnAllTheParameterValues"/>
  <testcase time="0.067" classname="org.openmrs.api.ConceptServiceTest" name="getDrugsByMapping_shouldFailIfSourceIsNull"/>
  <testcase time="0.097" classname="org.openmrs.api.ConceptServiceTest" name="saveConcept_shouldSetAuditInfoIfAnyItemInTheChildCollectionsIsEdited"/>
  <testcase time="0.071" classname="org.openmrs.api.ConceptServiceTest" name="getConceptsByMapping_shouldSortNonRetiredConceptsFirst"/>
  <testcase time="0.066" classname="org.openmrs.api.ConceptServiceTest" name="getConceptNumericByUuid_shouldReturnNullIfNoObjectFoundWithGivenUuid"/>
  <testcase time="0.067" classname="org.openmrs.api.ConceptServiceTest" name="getConceptsByMapping_shouldGetConceptsWithGivenCodeAndSourceH17Code"/>
  <testcase time="0.064" classname="org.openmrs.api.ConceptServiceTest" name="retireConceptMapType_shouldRetireTheSpecifiedConceptMapTypeWithTheGivenRetireReason"/>
  <testcase time="0.066" classname="org.openmrs.api.ConceptServiceTest" name="getConceptsByMapping_shouldReturnRetiredAndNonRetiredConcepts"/>
  <testcase time="0.067" classname="org.openmrs.api.ConceptServiceTest" name="getConceptByMapping_shouldGetConceptWithGivenCodeAndSourceName"/>
  <testcase time="0.164" classname="org.openmrs.api.ConceptServiceTest" name="saveConcept_shouldCreateNewConceptInDatabase"/>
  <testcase time="0.071" classname="org.openmrs.api.ConceptServiceTest" name="saveConceptStopWord_shouldFailIfADuplicateConceptStopWordInALocaleIsAdded"/>
  <testcase time="0.169" classname="org.openmrs.api.ConceptServiceTest" name="getOrderableConcepts_shouldGetOrderableConcepts"/>
  <testcase time="0.079" classname="org.openmrs.api.ConceptServiceTest" name="getConceptReferenceTermByName_shouldReturnAConceptReferenceTermThatMatchesTheGivenNameFromTheGivenSource"/>
  <testcase time="0.092" classname="org.openmrs.api.ConceptServiceTest" name="saveConceptNameTag_shouldNotSaveAConceptNameTagIfTagExists"/>
  <testcase time="0.082" classname="org.openmrs.api.ConceptServiceTest" name="getDrugs_shouldReturnDrugsByDrugConceptId"/>
  <testcase time="0.074" classname="org.openmrs.api.ConceptServiceTest" name="getConceptByMapping_shouldReturnRetiredConceptByDefaultIfOnlyMatch"/>
  <testcase time="0.106" classname="org.openmrs.api.ConceptServiceTest" name="getDrugs_shouldReturnDrugsByDrugId"/>
  <testcase time="0.098" classname="org.openmrs.api.ConceptServiceTest" name="getAllConcepts_shouldOrderByAConceptNameField"/>
  <testcase time="0.078" classname="org.openmrs.api.ConceptServiceTest" name="getConceptClassByUuid_shouldFindObjectGivenValidUuid"/>
  <testcase time="0.076" classname="org.openmrs.api.ConceptServiceTest" name="saveConceptSource_shouldNotSaveAConceptSourceIfVoidedIsNull"/>
  <testcase time="0.078" classname="org.openmrs.api.ConceptServiceTest" name="getDrugsByIngredient_shouldReturnEmptyListIfNothingFound"/>
  <testcase time="0.078" classname="org.openmrs.api.ConceptServiceTest" name="getConceptMapTypes_shouldReturnSortedList"/>
  <testcase time="0.08" classname="org.openmrs.api.ConceptServiceTest" name="getConceptProposalByUuid_shouldFindObjectGivenValidUuid"/>
  <testcase time="0.077" classname="org.openmrs.api.ConceptServiceTest" name="getConceptStopWords_shouldReturnEmptyListIfNoConceptStopWordsForGivenLocale"/>
  <testcase time="0.076" classname="org.openmrs.api.ConceptServiceTest" name="getAllConceptStopWords_shouldReturnAllConceptStopWords"/>
  <testcase time="0.079" classname="org.openmrs.api.ConceptServiceTest" name="getAllConceptReferenceTerms_shouldReturnAllConceptReferenceTermsInTheDatabase"/>
  <testcase time="0.077" classname="org.openmrs.api.ConceptServiceTest" name="getConceptByName_shouldReturnNullGivenNullParameter"/>
  <testcase time="0.374" classname="org.openmrs.api.ConceptServiceTest" name="getConceptsByName_shouldReturnConceptsForAllCountriesAndGlobalLanguageGivenLanguageOnlyLocale"/>
  <testcase time="0.174" classname="org.openmrs.api.ConceptServiceTest" name="getConceptByName_shouldFindConceptsWithNamesInMoreGenericLocales"/>
  <testcase time="0.067" classname="org.openmrs.api.ConceptServiceTest" name="purgeConcept_shouldFailIfAnyOfTheConceptNamesOfTheConceptIsBeingUsedByAnObs"/>
  <testcase time="0.148" classname="org.openmrs.api.ConceptServiceTest" name="saveConcept_shouldNotUpdateConceptDataTypeIfConceptIsAttachedToAnObservation"/>
  <testcase time="0.112" classname="org.openmrs.api.ConceptServiceTest" name="getConceptMapTypes_shouldReturnAllTheConceptMapTypesIfIncludeRetiredAndHiddenAreSetToTrue"/>
  <testcase time="0.064" classname="org.openmrs.api.ConceptServiceTest" name="getConceptsByAnswer_shouldFindAnswersForConcept"/>
  <testcase time="0.06" classname="org.openmrs.api.ConceptServiceTest" name="getActiveConceptMapTypes_shouldReturnAllTheConceptMapTypesExcludingHiddenOnes"/>
  <testcase time="0.121" classname="org.openmrs.api.ConceptServiceTest" name="getDrugsByMapping_shouldMatchOnTheCode"/>
  <testcase time="0.092" classname="org.openmrs.api.ConceptServiceTest" name="getConceptNameByUuid_shouldFindObjectGivenValidUuid"/>
  <testcase time="0.127" classname="org.openmrs.api.ConceptServiceTest" name="getConceptDatatypeByName_shouldReturnAnExactMatchOnName"/>
  <testcase time="0.063" classname="org.openmrs.api.ConceptServiceTest" name="getConceptSetByUuid_shouldFindObjectGivenValidUuid"/>
  <testcase time="0.196" classname="org.openmrs.api.ConceptServiceTest" name="saveConcept_shouldUpdateConceptIfConceptIsAttachedToAnObservationAndItIsANonDatatypeChange"/>
  <testcase time="0.067" classname="org.openmrs.api.ConceptServiceTest" name="getConceptMappingsToSource_shouldReturnAListOfConceptMapsFromTheGivenSource"/>
  <testcase time="0.124" classname="org.openmrs.api.ConceptServiceTest" name="getDrugByMapping_shouldFailIfMultipleDrugsAreFoundMatchingTheBestMapType"/>
  <testcase time="0.064" classname="org.openmrs.api.ConceptServiceTest" name="mapConceptProposalToConcept_shouldNotRequireMappedConceptOnRejectAction"/>
  <testcase time="0.063" classname="org.openmrs.api.ConceptServiceTest" name="shouldFetchNamesForConceptsThatWereFirstFetchedAsNumerics"/>
  <testcase time="0.095" classname="org.openmrs.api.ConceptServiceTest" name="getConceptReferenceTerms_shouldReturnAllTheConceptReferenceTermsIfIncludeRetiredIsSetToTrue"/>
  <testcase time="0.15" classname="org.openmrs.api.ConceptServiceTest" name="saveConcept_shouldReuseConceptNameTagsThatAlreadyExistInTheDatabase"/>
  <testcase time="0.072" classname="org.openmrs.api.ConceptServiceTest" name="getTrueConcept_shouldReturnProperTrueConcept"/>
  <testcase time="0.064" classname="org.openmrs.api.ConceptServiceTest" name="getFalseConcept_shouldReturnProperFalseConcept"/>
  <testcase time="0.138" classname="org.openmrs.api.ConceptServiceTest" name="getDrugByMapping_shouldReturnNullIfNoMatchFound"/>
  <testcase time="0.074" classname="org.openmrs.api.ConceptServiceTest" name="saveConcept_shouldNotAcceptALocaleThatIsNeitherAmongTheLocaleAllowedListNorADefaultLocale"/>
  <testcase time="0.064" classname="org.openmrs.api.ConceptServiceTest" name="getConceptsByMapping_shouldOnlyReturnNonRetiredConcepts"/>
  <testcase time="0.064" classname="org.openmrs.api.ConceptServiceTest" name="getReferenceTermMappingsTo_shouldReturnAllConceptReferenceTermMapsWhereTheSpecifiedTermIsTheTermB"/>
  <testcase time="0.151" classname="org.openmrs.api.ConceptServiceTest" name="getConcepts_shouldReturnConceptsWithSpecifiedClasses"/>
  <testcase time="0.102" classname="org.openmrs.api.ConceptServiceTest" name="getDrugs_shouldReturnUniqueDrugs"/>
  <testcase time="0.055" classname="org.openmrs.api.ConceptServiceTest" name="getConceptClassByUuid_shouldReturnNullIfNoObjectFoundWithGivenUuid"/>
</testsuite>