<?xml version="1.0" encoding="UTF-8" ?><testsuite errors="0" name="jasmine.specs" tests="11" failures="0" skipped="0" hostname="localhost" time="0.0" timestamp="2016-03-29T15:12:05"><testcase classname="jasmine" name="Diagnoses library should setup correctly" time="0.0" failure="false"/><testcase classname="jasmine" name="Diagnoses library should handle free-text diagnosis" time="0.0" failure="false"/><testcase classname="jasmine" name="Diagnoses library should handle multiple free-text diagnoses" time="0.0" failure="false"/><testcase classname="jasmine" name="Diagnoses library should handle coded diagnosis with specific concept name" time="0.0" failure="false"/><testcase classname="jasmine" name="Diagnoses library should not allow two diagnoses of the same concept" time="0.0" failure="false"/><testcase classname="jasmine" name="Diagnoses library should allow two diagnoses of different concepts" time="0.0" failure="false"/><testcase classname="jasmine" name="Diagnoses library should get primary diagnoses" time="0.0" failure="false"/><testcase classname="jasmine" name="Diagnoses library should get secondary diagnoses" time="0.0" failure="false"/><testcase classname="jasmine" name="Diagnoses library should remove primary diagnosis and make the top secondary diagnosis primary" time="0.0" failure="false"/><testcase classname="jasmine" name="Diagnoses library should add multiple diagonses" time="0.0" failure="false"/><testcase classname="jasmine" name="Visit javascript functions should display the quick visit creation form dialog" time="0.0" failure="false"/></testsuite>