<?xml version="1.0" encoding="UTF-8" ?><testsuite errors="0" name="jasmine.specs" tests="140" failures="0" skipped="0" hostname="localhost" time="0.0" timestamp="2016-03-24T14:42:23"><testcase classname="jasmine" name="coded-or-free-text-answer directive tests Replaces the element with the appropriate content" time="0.0" failure="false"/><testcase classname="jasmine" name="Tests of emr functions should display success message" time="0.0" failure="false"/><testcase classname="jasmine" name="Tests of emr functions should display error message" time="0.0" failure="false"/><testcase classname="jasmine" name="Tests of emr functions should display success alert" time="0.0" failure="false"/><testcase classname="jasmine" name="Tests of emr functions should display error alert" time="0.0" failure="false"/><testcase classname="jasmine" name="Tests of emr functions should translate success message" time="0.0" failure="false"/><testcase classname="jasmine" name="Tests of emr functions should translate error message" time="0.0" failure="false"/><testcase classname="jasmine" name="Tests of emr functions should translate alert message" time="0.0" failure="false"/><testcase classname="jasmine" name="Tests of emr functions should translate success alert" time="0.0" failure="false"/><testcase classname="jasmine" name="Tests of emr functions should translate error alert" time="0.0" failure="false"/><testcase classname="jasmine" name="Tests of emr functions should say a more precise session locale is compatible" time="0.0" failure="false"/><testcase classname="jasmine" name="Tests of emr functions should say a less precise session locale is compatible" time="0.0" failure="false"/><testcase classname="jasmine" name="Tests of emr functions should say a different session locale is compatible" time="0.0" failure="false"/><testcase classname="jasmine" name="Tests of emr functions should say a completely different session locale is not compatible" time="0.0" failure="false"/><testcase classname="jasmine" name="serverDate filter tests should always format incoming server time the same" time="0.0" failure="false"/><testcase classname="jasmine" name="serverDate filter tests should apply given format" time="0.0" failure="false"/><testcase classname="jasmine" name="Tests for simple form navigation handlers Keyboard handlers Fields Keyboard handler should delegate up key handling if no selected field" time="0.0" failure="false"/><testcase classname="jasmine" name="Tests for simple form navigation handlers Keyboard handlers Fields Keyboard handler should not handle up key if there is a selected field" time="0.0" failure="false"/><testcase classname="jasmine" name="Tests for simple form navigation handlers Keyboard handlers Fields Keyboard handler should delegate down key handling if no selected field" time="0.0" failure="false"/><testcase classname="jasmine" name="Tests for simple form navigation handlers Keyboard handlers Fields Keyboard handler should not handle down key if there is a selected field" time="0.0" failure="false"/><testcase classname="jasmine" name="Tests for simple form navigation handlers Keyboard handlers Fields Keyboard handler should switch selection to next field within same question" time="0.0" failure="false"/><testcase classname="jasmine" name="Tests for simple form navigation handlers Keyboard handlers Fields Keyboard handler should switch selection to next field within different question" time="0.0" failure="false"/><testcase classname="jasmine" name="Tests for simple form navigation handlers Keyboard handlers Fields Keyboard handler should not switch selection to next field if current field is invalid" time="0.0" failure="false"/><testcase classname="jasmine" name="Tests for simple form navigation handlers Keyboard handlers Fields Keyboard handler should not switch selection to next field if exit handler returns false" time="0.0" failure="false"/><testcase classname="jasmine" name="Tests for simple form navigation handlers Keyboard handlers Fields Keyboard handler should switch selection to previous field within same question" time="0.0" failure="false"/><testcase classname="jasmine" name="Tests for simple form navigation handlers Keyboard handlers Fields Keyboard handler should not switch selection to previous field within same question if exit handler returns false" time="0.0" failure="false"/><testcase classname="jasmine" name="Tests for simple form navigation handlers Keyboard handlers Fields Keyboard handler should switch selection to next field within different question" time="0.0" failure="false"/><testcase classname="jasmine" name="Tests for simple form navigation handlers Keyboard handlers Fields Keyboard handler should skip disabled field when navigating forward" time="0.0" failure="false"/><testcase classname="jasmine" name="Tests for simple form navigation handlers Keyboard handlers Fields Keyboard handler should skip disabled field when navigating backwards" time="0.0" failure="false"/><testcase classname="jasmine" name="Tests for simple form navigation handlers Keyboard handlers Fields Keyboard handler should not advance if all following fields are disabled" time="0.0" failure="false"/><testcase classname="jasmine" name="Tests for simple form navigation handlers Keyboard handlers Fields Keyboard handler should not move back if all following fields are disabled" time="0.0" failure="false"/><testcase classname="jasmine" name="Tests for simple form navigation handlers Keyboard handlers Questions Keyboard handler should switch selection to next question within same section" time="0.0" failure="false"/><testcase classname="jasmine" name="Tests for simple form navigation handlers Keyboard handlers Questions Keyboard handler should switch selection to next question within different section" time="0.0" failure="false"/><testcase classname="jasmine" name="Tests for simple form navigation handlers Keyboard handlers Questions Keyboard handler should not switch selection to next question if question is not valid" time="0.0" failure="false"/><testcase classname="jasmine" name="Tests for simple form navigation handlers Keyboard handlers Questions Keyboard handler should not switch selection to next question if exit handler returns false" time="0.0" failure="false"/><testcase classname="jasmine" name="Tests for simple form navigation handlers Keyboard handlers Questions Keyboard handler should switch selection to previous question within same section" time="0.0" failure="false"/><testcase classname="jasmine" name="Tests for simple form navigation handlers Keyboard handlers Questions Keyboard handler should not switch selection to previous question if exit handler returns false" time="0.0" failure="false"/><testcase classname="jasmine" name="Tests for simple form navigation handlers Keyboard handlers Questions Keyboard handler should switch selection to previous question within different section" time="0.0" failure="false"/><testcase classname="jasmine" name="Tests for simple form navigation handlers Keyboard handlers Questions Keyboard handler should skip disabled question when navigating forward" time="0.0" failure="false"/><testcase classname="jasmine" name="Tests for simple form navigation handlers Keyboard handlers Questions Keyboard handler should skip disabled question when navigating backwards" time="0.0" failure="false"/><testcase classname="jasmine" name="Tests for simple form navigation handlers Keyboard handlers Questions Keyboard handler should stay on current question if no further enabled questions" time="0.0" failure="false"/><testcase classname="jasmine" name="Tests for simple form navigation handlers Keyboard handlers Questions Keyboard handler should stay on current question if no prior enabled questions" time="0.0" failure="false"/><testcase classname="jasmine" name="Tests for simple form navigation handlers Mouse handlers Section mouse handlers should switch selection to section ahead if current section is valid" time="0.0" failure="false"/><testcase classname="jasmine" name="Tests for simple form navigation handlers Mouse handlers Section mouse handlers should not switch selection to section ahead if current section is not valid" time="0.0" failure="false"/><testcase classname="jasmine" name="Tests for simple form navigation handlers Mouse handlers Section mouse handlers should not switch selection to section ahead if exit handler returns false" time="0.0" failure="false"/><testcase classname="jasmine" name="Tests for simple form navigation handlers Mouse handlers Section mouse handlers should not go past an invalid section when trying to select a section ahead" time="0.0" failure="false"/><testcase classname="jasmine" name="Tests for simple form navigation handlers Mouse handlers Section mouse handlers should switch selection to section ahead but not call exit handler for in between section" time="0.0" failure="false"/><testcase classname="jasmine" name="Tests for simple form navigation handlers Mouse handlers Section mouse handlers should switch selection to section behind" time="0.0" failure="false"/><testcase classname="jasmine" name="Tests for simple form navigation handlers Mouse handlers Section mouse handlers should not switch selection to section behind if exit handler returns false" time="0.0" failure="false"/><testcase classname="jasmine" name="Tests for simple form navigation handlers Mouse handlers Question mouse handlers should switch selection to question ahead if current question is valid" time="0.0" failure="false"/><testcase classname="jasmine" name="Tests for simple form navigation handlers Mouse handlers Question mouse handlers should not switch selection to question ahead if current question is not valid" time="0.0" failure="false"/><testcase classname="jasmine" name="Tests for simple form navigation handlers Mouse handlers Question mouse handlers should not switch selection to question ahead if question in between is not valid" time="0.0" failure="false"/><testcase classname="jasmine" name="Tests for simple form navigation handlers Mouse handlers Question mouse handlers should switch selection to question ahead but not call exit handler on in-between method" time="0.0" failure="false"/><testcase classname="jasmine" name="Tests for simple form navigation handlers Mouse handlers Question mouse handlers should switch selection to question behind" time="0.0" failure="false"/><testcase classname="jasmine" name="Tests for simple form navigation handlers Mouse handlers Question mouse handlers should not switch selection to question ahead if exit handler returns false" time="0.0" failure="false"/><testcase classname="jasmine" name="Tests for simple form navigation handlers Mouse handlers Question mouse handlers should not switch selection to question behind if exit handler returns false" time="0.0" failure="false"/><testcase classname="jasmine" name="Tests for simple form navigation handlers Mouse handlers Fields mouse handlers should switch selection to field ahead if current field is valid" time="0.0" failure="false"/><testcase classname="jasmine" name="Tests for simple form navigation handlers Mouse handlers Fields mouse handlers should not switch selection to field ahead if current field is not valid" time="0.0" failure="false"/><testcase classname="jasmine" name="Tests for simple form navigation handlers Mouse handlers Fields mouse handlers should not switch selection to field ahead if field in between is not valid" time="0.0" failure="false"/><testcase classname="jasmine" name="Tests for simple form navigation handlers Mouse handlers Fields mouse handlers should not switch selection to field ahead if exit handler returns false" time="0.0" failure="false"/><testcase classname="jasmine" name="Tests for simple form navigation handlers Mouse handlers Fields mouse handlers should switch selection to field ahead but not call in-between exit handler" time="0.0" failure="false"/><testcase classname="jasmine" name="Tests for simple form navigation handlers Mouse handlers Fields mouse handlers should switch selection to field behind" time="0.0" failure="false"/><testcase classname="jasmine" name="Tests for simple form navigation handlers Mouse handlers Fields mouse handlers should not switch selection to field behind if exit handler returns false" time="0.0" failure="false"/><testcase classname="jasmine" name="Tests for simple form navigation handlers Mouse handlers Fields mouse handlers should not prevent default action on event if click is on current field" time="0.0" failure="false"/><testcase classname="jasmine" name="Test for simple form models Unit tests for FieldModel should select and unselect the field" time="0.0" failure="false"/><testcase classname="jasmine" name="Test for simple form models Unit tests for FieldModel should state the field is valid" time="0.0" failure="false"/><testcase classname="jasmine" name="Test for simple form models Unit tests for FieldModel should state the field is invalid" time="0.0" failure="false"/><testcase classname="jasmine" name="Test for simple form models Unit tests for FieldModel should call all exit handlers and return true" time="0.0" failure="false"/><testcase classname="jasmine" name="Test for simple form models Unit tests for FieldModel should call all exit handlers and return false if any handler returns false" time="0.0" failure="false"/><testcase classname="jasmine" name="Test for simple form models Unit tests for FieldModel should disable a field" time="0.0" failure="false"/><testcase classname="jasmine" name="Test for simple form models Unit tests for FieldModel should enable a field" time="0.0" failure="false"/><testcase classname="jasmine" name="Test for simple form models Unit tests for FieldModel should hide a field" time="0.0" failure="false"/><testcase classname="jasmine" name="Test for simple form models Unit tests for FieldModel should show a field" time="0.0" failure="false"/><testcase classname="jasmine" name="Test for simple form models Unit tests for FieldModel should show a field but not select it" time="0.0" failure="false"/><testcase classname="jasmine" name="Test for simple form models Unit tests for FieldModel should reset the value of field" time="0.0" failure="false"/><testcase classname="jasmine" name="Test for simple form models Unit tests for FieldModel should reset the value of dropdown field" time="0.0" failure="false"/><testcase classname="jasmine" name="Test for simple form models Unit tests for FieldModel should reset the value of radio set field" time="0.0" failure="false"/><testcase classname="jasmine" name="Test for simple form models Unit tests for QuestionModel should select and unselect the question" time="0.0" failure="false"/><testcase classname="jasmine" name="Test for simple form models Unit tests for QuestionModel should mark question has done if first field has value" time="0.0" failure="false"/><testcase classname="jasmine" name="Test for simple form models Unit tests for QuestionModel should mark question has done if second field has value" time="0.0" failure="false"/><testcase classname="jasmine" name="Test for simple form models Unit tests for QuestionModel should mark question has done if both fields have value" time="0.0" failure="false"/><testcase classname="jasmine" name="Test for simple form models Unit tests for QuestionModel should not mark question has done if neither fields have value" time="0.0" failure="false"/><testcase classname="jasmine" name="Test for simple form models Unit tests for QuestionModel should not mark question as done if expected field does not have value" time="0.0" failure="false"/><testcase classname="jasmine" name="Test for simple form models Unit tests for QuestionModel should mark question as done if expected field has value" time="0.0" failure="false"/><testcase classname="jasmine" name="Test for simple form models Unit tests for QuestionModel should disable a question" time="0.0" failure="false"/><testcase classname="jasmine" name="Test for simple form models Unit tests for QuestionModel should enable a question" time="0.0" failure="false"/><testcase classname="jasmine" name="Test for simple form models Unit tests for QuestionModel should hide a question" time="0.0" failure="false"/><testcase classname="jasmine" name="Test for simple form models Unit tests for QuestionModel should show a question" time="0.0" failure="false"/><testcase classname="jasmine" name="Test for simple form models Unit tests for QuestionModel should state the question is valid" time="0.0" failure="false"/><testcase classname="jasmine" name="Test for simple form models Unit tests for QuestionModel should state the question is invalid" time="0.0" failure="false"/><testcase classname="jasmine" name="Test for simple form models Unit tests for QuestionModel should call exit handlers for question and return true if all handlers return true" time="0.0" failure="false"/><testcase classname="jasmine" name="Test for simple form models Unit tests for QuestionModel should call exit handlers for question and return false if any handler returns false" time="0.0" failure="false"/><testcase classname="jasmine" name="Test for simple form models Unit tests for SectionModel should select and unselect the section" time="0.0" failure="false"/><testcase classname="jasmine" name="Test for simple form models Unit tests for SectionModel should state the section is valid" time="0.0" failure="false"/><testcase classname="jasmine" name="Test for simple form models Unit tests for SectionModel should state that a disabled section is valid regardless of questions" time="0.0" failure="false"/><testcase classname="jasmine" name="Test for simple form models Unit tests for SectionModel should state the section is not valid" time="0.0" failure="false"/><testcase classname="jasmine" name="Test for simple form models Unit tests for SectionModel  should call exit handlers for question and return true if all handlers return true" time="0.0" failure="false"/><testcase classname="jasmine" name="Test for simple form models Unit tests for SectionModel  should call exit handlers for question and return false if any handler returns false" time="0.0" failure="false"/><testcase classname="jasmine" name="Test for simple form models Unit tests for SectionModel should disable a section" time="0.0" failure="false"/><testcase classname="jasmine" name="Test for simple form models Unit tests for SectionModel should enable a section" time="0.0" failure="false"/><testcase classname="jasmine" name="Test for simple form models Unit tests for SectionModel should hide a section" time="0.0" failure="false"/><testcase classname="jasmine" name="Test for simple form models Unit tests for SectionModel should show a section" time="0.0" failure="false"/><testcase classname="jasmine" name="Test for simple form models Unit tests for ConfirmationSectionModel should select and unselect the confirmation section" time="0.0" failure="false"/><testcase classname="jasmine" name="RSET Utils test should translate simple REST error response into display text" time="0.0" failure="false"/><testcase classname="jasmine" name="RSET Utils test should translate validation REST error response into display text" time="0.0" failure="false"/><testcase classname="jasmine" name="RSET Utils test should return status code from REST response" time="0.0" failure="false"/><testcase classname="jasmine" name="ConceptSearchService tests should call ConceptSearch resource with query value" time="0.0" failure="false"/><testcase classname="jasmine" name="EncounterService tests should call Encounter resource with query value" time="0.0" failure="false"/><testcase classname="jasmine" name="EncounterTypeService tests should call EncounterType resource with query value" time="0.0" failure="false"/><testcase classname="jasmine" name="LocationService tests should call Location resource with query value" time="0.0" failure="false"/><testcase classname="jasmine" name="PersonService tests should call Person resource with query value" time="0.0" failure="false"/><testcase classname="jasmine" name="ProviderService tests should call Provider resource with query value" time="0.0" failure="false"/><testcase classname="jasmine" name="RelationshipService tests should call Relationship resource with query value" time="0.0" failure="false"/><testcase classname="jasmine" name="RelationshipTypeService tests should call RelationshipType resource with query value" time="0.0" failure="false"/><testcase classname="jasmine" name="Test for form validators Integer fields should allow an empty string" time="0.0" failure="false"/><testcase classname="jasmine" name="Test for form validators Integer fields should not allow whitespaces" time="0.0" failure="false"/><testcase classname="jasmine" name="Test for form validators Integer fields should validate an integer" time="0.0" failure="false"/><testcase classname="jasmine" name="Test for form validators Integer fields should not validate a float" time="0.0" failure="false"/><testcase classname="jasmine" name="Test for form validators Integer fields should not validate text" time="0.0" failure="false"/><testcase classname="jasmine" name="Test for form validators Number fields should validate an integer" time="0.0" failure="false"/><testcase classname="jasmine" name="Test for form validators Number fields should validate a float" time="0.0" failure="false"/><testcase classname="jasmine" name="Test for form validators Number fields should not validate text" time="0.0" failure="false"/><testcase classname="jasmine" name="Test for form validators Numeric ranges should validate a number greater than min" time="0.0" failure="false"/><testcase classname="jasmine" name="Test for form validators Numeric ranges should not validate a number less than min" time="0.0" failure="false"/><testcase classname="jasmine" name="Test for form validators Numeric ranges should validate a number less than max" time="0.0" failure="false"/><testcase classname="jasmine" name="Test for form validators Numeric ranges should not validate a number greater than max" time="0.0" failure="false"/><testcase classname="jasmine" name="Test for form validators Numeric ranges should validate a number in range" time="0.0" failure="false"/><testcase classname="jasmine" name="Test for form validators Numeric ranges should not validate a number outside range" time="0.0" failure="false"/><testcase classname="jasmine" name="Test for form validators Numeric ranges should correctly interpret min=0 to mean a minimum value of 0" time="0.0" failure="false"/><testcase classname="jasmine" name="Test for form validators Numeric ranges should correctly interpret max=0 to mean a maximum value of 0" time="0.0" failure="false"/><testcase classname="jasmine" name="Test for form validators Required fields should validate non empty field" time="0.0" failure="false"/><testcase classname="jasmine" name="Test for form validators Required fields should not validate empty field" time="0.0" failure="false"/><testcase classname="jasmine" name="Test for form validators Required fields Date fields should validate correct date" time="0.0" failure="false"/><testcase classname="jasmine" name="Test for form validators Required fields Date fields should not validate incorrect date" time="0.0" failure="false"/><testcase classname="jasmine" name="Test for form validators Required fields Date fields should not validate a non date" time="0.0" failure="false"/><testcase classname="jasmine" name="Test for form validators Required fields Date fields should allow 29th for february for a leap year" time="0.0" failure="false"/><testcase classname="jasmine" name="Test for form validators Required fields Date fields should allow 31st for a month with 31 days" time="0.0" failure="false"/><testcase classname="jasmine" name="Test for form validators Required fields Date fields should reject 31 for months with less than 31 days" time="0.0" failure="false"/><testcase classname="jasmine" name="Test for form validators Required fields Date fields should reject dates beyond 28th for february for a non leap year" time="0.0" failure="false"/><testcase classname="jasmine" name="Test for form validators Required fields Date fields should reject future date" time="0.0" failure="false"/></testsuite>