<?xml version="1.0" encoding="UTF-8" ?>
<testsuite failures="0" time="5.305" errors="0" skipped="0" tests="40" name="org.openmrs.module.providermanagement.api.ProviderSuggestionServiceTest">
  <properties>
    <property name="java.runtime.name" value="Java(TM) SE Runtime Environment"/>
    <property name="sun.boot.library.path" value="C:\Program Files\Java\jdk1.7.0_79\jre\bin"/>
    <property name="java.vm.version" value="24.79-b02"/>
    <property name="java.vm.vendor" value="Oracle Corporation"/>
    <property name="java.vendor.url" value="http://java.oracle.com/"/>
    <property name="path.separator" value=";"/>
    <property name="guice.disable.misplaced.annotation.check" value="true"/>
    <property name="java.vm.name" value="Java HotSpot(TM) 64-Bit Server VM"/>
    <property name="file.encoding.pkg" value="sun.io"/>
    <property name="user.script" value=""/>
    <property name="user.country" value="US"/>
    <property name="sun.java.launcher" value="SUN_STANDARD"/>
    <property name="sun.os.patch.level" value=""/>
    <property name="java.vm.specification.name" value="Java Virtual Machine Specification"/>
    <property name="user.dir" value="C:\Users\ITECH\Documents\GitHub\openmrs-module-providermanagement"/>
    <property name="java.runtime.version" value="1.7.0_79-b15"/>
    <property name="java.awt.graphicsenv" value="sun.awt.Win32GraphicsEnvironment"/>
    <property name="java.endorsed.dirs" value="C:\Program Files\Java\jdk1.7.0_79\jre\lib\endorsed"/>
    <property name="os.arch" value="amd64"/>
    <property name="java.io.tmpdir" value="C:\Users\ITECH\AppData\Local\Temp\"/>
    <property name="line.separator" value="
"/>
    <property name="java.vm.specification.vendor" value="Oracle Corporation"/>
    <property name="user.variant" value=""/>
    <property name="os.name" value="Windows 8.1"/>
    <property name="classworlds.conf" value="C:\Users\ITECH\EclipseLuna\.metadata\.plugins\org.eclipse.m2e.launching\launches\m2conf3225112420664107931.tmp"/>
    <property name="sun.jnu.encoding" value="Cp1252"/>
    <property name="java.library.path" value="C:\Program Files\Java\jdk1.7.0_79\bin;C:\windows\Sun\Java\bin;C:\windows\system32;C:\windows;C:/Program Files/Java/jre1.8.0_20/bin/server;C:/Program Files/Java/jre1.8.0_20/bin;C:/Program Files/Java/jre1.8.0_20/lib/amd64;C:\Program Files (x86)\Intel\iCLS Client\;C:\Program Files\Intel\iCLS Client\;C:\windows\system32;C:\windows;C:\windows\System32\Wbem;C:\windows\System32\WindowsPowerShell\v1.0\;c:\Program Files\Intel\IntelSGXPSW\bin\x64\Release\;c:\Program Files\Intel\IntelSGXPSW\bin\win32\Release\;C:\Program Files (x86)\NVIDIA Corporation\PhysX\Common;c:\Program Files\Intel\WiFi\bin\;c:\Program Files\Common Files\Intel\WirelessCommon\;C:\Program Files (x86)\Intel\Intel(R) Management Engine Components\DAL;C:\Program Files\Intel\Intel(R) Management Engine Components\DAL;C:\Program Files (x86)\Intel\Intel(R) Management Engine Components\IPT;C:\Program Files\Intel\Intel(R) Management Engine Components\IPT;C:\Program Files (x86)\Skype\Phone\;C:\Program Files\MySQL\MySQL Server 5.5\bin;C:\Program Files\Java\jdk1.7.0_79\bin;C:\Program Files (x86)\PuTTY\;C:\Users\ITECH\Desktop\eclipse;;."/>
    <property name="java.specification.name" value="Java Platform API Specification"/>
    <property name="java.class.version" value="51.0"/>
    <property name="sun.management.compiler" value="HotSpot 64-Bit Tiered Compilers"/>
    <property name="os.version" value="6.3"/>
    <property name="user.home" value="C:\Users\ITECH"/>
    <property name="user.timezone" value="America/New_York"/>
    <property name="java.awt.printerjob" value="sun.awt.windows.WPrinterJob"/>
    <property name="java.specification.version" value="1.7"/>
    <property name="file.encoding" value="Cp1252"/>
    <property name="user.name" value="ITECH"/>
    <property name="java.class.path" value="/C:/Users/ITECH/Desktop/eclipse/plugins/org.eclipse.m2e.maven.runtime_1.5.1.20150109-1819/jars/plexus-classworlds-2.5.1.jar"/>
    <property name="org.slf4j.simpleLogger.defaultLogLevel" value="info"/>
    <property name="java.vm.specification.version" value="1.7"/>
    <property name="sun.arch.data.model" value="64"/>
    <property name="java.home" value="C:\Program Files\Java\jdk1.7.0_79\jre"/>
    <property name="sun.java.command" value="org.codehaus.plexus.classworlds.launcher.Launcher -B clean install"/>
    <property name="java.specification.vendor" value="Oracle Corporation"/>
    <property name="user.language" value="en"/>
    <property name="awt.toolkit" value="sun.awt.windows.WToolkit"/>
    <property name="java.vm.info" value="mixed mode"/>
    <property name="java.version" value="1.7.0_79"/>
    <property name="java.ext.dirs" value="C:\Program Files\Java\jdk1.7.0_79\jre\lib\ext;C:\windows\Sun\Java\lib\ext"/>
    <property name="sun.boot.class.path" value="C:\Program Files\Java\jdk1.7.0_79\jre\lib\resources.jar;C:\Program Files\Java\jdk1.7.0_79\jre\lib\rt.jar;C:\Program Files\Java\jdk1.7.0_79\jre\lib\sunrsasign.jar;C:\Program Files\Java\jdk1.7.0_79\jre\lib\jsse.jar;C:\Program Files\Java\jdk1.7.0_79\jre\lib\jce.jar;C:\Program Files\Java\jdk1.7.0_79\jre\lib\charsets.jar;C:\Program Files\Java\jdk1.7.0_79\jre\lib\jfr.jar;C:\Program Files\Java\jdk1.7.0_79\jre\classes"/>
    <property name="java.vendor" value="Oracle Corporation"/>
    <property name="maven.home" value="C:\Users\ITECH\Documents\GitHub\openmrs-module-providermanagement\EMBEDDED"/>
    <property name="file.separator" value="\"/>
    <property name="java.vendor.url.bug" value="http://bugreport.sun.com/bugreport/"/>
    <property name="sun.cpu.endian" value="little"/>
    <property name="sun.io.unicode.encoding" value="UnicodeLittle"/>
    <property name="sun.desktop" value="windows"/>
    <property name="sun.cpu.isalist" value="amd64"/>
  </properties>
  <testcase time="0" classname="org.openmrs.module.providermanagement.api.ProviderSuggestionServiceTest" name="getSupervisionSuggestionByProviderRoleAndSuggestionType_shouldGetAllSuggestionsForProviderRoleAndSuggestionType"/>
  <testcase time="0" classname="org.openmrs.module.providermanagement.api.ProviderSuggestionServiceTest" name="getProviderSuggestionForRelationshipType_shouldReturnNullOrEmptyListIfNoSuggestions"/>
  <testcase time="2.264" classname="org.openmrs.module.providermanagement.api.ProviderSuggestionServiceTest" name="suggestProvidersForPatient_shouldReturnAllProvidersForRelationshipTypeBasedOnRule"/>
  <testcase time="0.077" classname="org.openmrs.module.providermanagement.api.ProviderSuggestionServiceTest" name="getSupervisionSuggestionForProviderRole_shouldReturnNullOrEmptyListIfNoSuggestions"/>
  <testcase time="0.078" classname="org.openmrs.module.providermanagement.api.ProviderSuggestionServiceTest" name="getProviderSuggestionForRelationshipType_shouldReturnNullOrEmptyListIfInvalidRelationshipType"/>
  <testcase time="0.124" classname="org.openmrs.module.providermanagement.api.ProviderSuggestionServiceTest" name="suggestSupervisorsForProvider_shouldReturnAllProvidersBasedOnRulesExcludingInvalid"/>
  <testcase time="0.069" classname="org.openmrs.module.providermanagement.api.ProviderSuggestionServiceTest" name="getProviderSuggestionsForRelationshipType_shouldGetProviderSuggestionsForRelationshipType"/>
  <testcase time="0.074" classname="org.openmrs.module.providermanagement.api.ProviderSuggestionServiceTest" name="getProviderSuggestion_shouldGetProviderSuggestionById"/>
  <testcase time="0.069" classname="org.openmrs.module.providermanagement.api.ProviderSuggestionServiceTest" name="suggestProvidersForPatient_shouldFailIfRelationshipTypeNull"/>
  <testcase time="0.077" classname="org.openmrs.module.providermanagement.api.ProviderSuggestionServiceTest" name="suggestSupervisorsForProvider_shouldFailIfProviderNull"/>
  <testcase time="0.07" classname="org.openmrs.module.providermanagement.api.ProviderSuggestionServiceTest" name="getProviderSuggestionByUuid_shouldGetProviderSuggestionByUuid"/>
  <testcase time="0.074" classname="org.openmrs.module.providermanagement.api.ProviderSuggestionServiceTest" name="saveProviderSuggestion_shouldSaveProviderSuggestion"/>
  <testcase time="0.08" classname="org.openmrs.module.providermanagement.api.ProviderSuggestionServiceTest" name="suggestSupervisorsForProvider_shouldFailIfPersonIsNotProvider"/>
  <testcase time="0.082" classname="org.openmrs.module.providermanagement.api.ProviderSuggestionServiceTest" name="suggestProvidersForPatient_shouldFailIfPatientNull"/>
  <testcase time="0.075" classname="org.openmrs.module.providermanagement.api.ProviderSuggestionServiceTest" name="suggestSuperviseeForProvider_shouldFailIfProviderNull"/>
  <testcase time="0.075" classname="org.openmrs.module.providermanagement.api.ProviderSuggestionServiceTest" name="getAllProviderSuggestions_shouldGetAllProviderSuggestions"/>
  <testcase time="0.098" classname="org.openmrs.module.providermanagement.api.ProviderSuggestionServiceTest" name="suggestSupervisorsForProvider_shouldFailIfInvalidSuggestion"/>
  <testcase time="0.085" classname="org.openmrs.module.providermanagement.api.ProviderSuggestionServiceTest" name="retireProviderSuggestion_shouldRetireProviderSuggestion"/>
  <testcase time="0.068" classname="org.openmrs.module.providermanagement.api.ProviderSuggestionServiceTest" name="retireSupervisionSuggestion_shouldRetireSupervisionSuggestion"/>
  <testcase time="0.072" classname="org.openmrs.module.providermanagement.api.ProviderSuggestionServiceTest" name="suggestSuperviseesForProvider_shouldFailIfPersonIsNotProvider"/>
  <testcase time="0.07" classname="org.openmrs.module.providermanagement.api.ProviderSuggestionServiceTest" name="purgeProviderSuggestion_shouldPurgeProviderSuggestion"/>
  <testcase time="0.072" classname="org.openmrs.module.providermanagement.api.ProviderSuggestionServiceTest" name="unretireProviderSuggestion_shouldUnRetireProviderSuggestion"/>
  <testcase time="0.07" classname="org.openmrs.module.providermanagement.api.ProviderSuggestionServiceTest" name="saveSupervisionSuggestion_shouldSaveSupervisionSuggestion"/>
  <testcase time="0.078" classname="org.openmrs.module.providermanagement.api.ProviderSuggestionServiceTest" name="suggestProvidersForPatient_shouldFailIfInvalidSuggestion"/>
  <testcase time="0.07" classname="org.openmrs.module.providermanagement.api.ProviderSuggestionServiceTest" name="purgeSupervisionSuggestion_shouldPurgeSupervisionSuggestion"/>
  <testcase time="0.1" classname="org.openmrs.module.providermanagement.api.ProviderSuggestionServiceTest" name="suggestSuperviseesForProvider_shouldFailIfInvalidSuggestion"/>
  <testcase time="0.074" classname="org.openmrs.module.providermanagement.api.ProviderSuggestionServiceTest" name="getSupervisionSuggestion_shouldGetSupervisionSuggestionById"/>
  <testcase time="0.076" classname="org.openmrs.module.providermanagement.api.ProviderSuggestionServiceTest" name="saveSupervisionSuggestion_shouldFailIfNoTypeSpecified"/>
  <testcase time="0.067" classname="org.openmrs.module.providermanagement.api.ProviderSuggestionServiceTest" name="getSupervisionSuggestionByUuid_shouldGetSupervisionSuggestionByUuid"/>
  <testcase time="0.072" classname="org.openmrs.module.providermanagement.api.ProviderSuggestionServiceTest" name="suggestProvidersForPatient_shouldReturnNullfNoSuggestionSpecified"/>
  <testcase time="0.146" classname="org.openmrs.module.providermanagement.api.ProviderSuggestionServiceTest" name="suggestProvidersForPatient_shouldIgnoreProvidersAlreadyAssignedToPatient"/>
  <testcase time="0.076" classname="org.openmrs.module.providermanagement.api.ProviderSuggestionServiceTest" name="suggestProvidersForPatient_shouldFailIfRelationshipTypeInvalidNull"/>
  <testcase time="0.071" classname="org.openmrs.module.providermanagement.api.ProviderSuggestionServiceTest" name="getSupervisionSuggestionByProviderRole_shouldGetAllSuggestionsForProviderRole"/>
  <testcase time="0.068" classname="org.openmrs.module.providermanagement.api.ProviderSuggestionServiceTest" name="getAllSupervisionSuggestions_shouldGetAllSupervisionSuggestions"/>
  <testcase time="0.073" classname="org.openmrs.module.providermanagement.api.ProviderSuggestionServiceTest" name="unretireSupervisionSuggestion_shouldUnretireSupervisionSuggestion"/>
  <testcase time="0.07" classname="org.openmrs.module.providermanagement.api.ProviderSuggestionServiceTest" name="suggestSupervisorsForProvider_shouldReturnNullIfNoRulesSpecified"/>
  <testcase time="0.125" classname="org.openmrs.module.providermanagement.api.ProviderSuggestionServiceTest" name="suggestSupervisorsForProvider_shouldIgnoreProvidersAlreadyAssignedToSupervise"/>
  <testcase time="0.073" classname="org.openmrs.module.providermanagement.api.ProviderSuggestionServiceTest" name="suggestSuperviseesForProvider_shouldReturnNullIfNoRulesSpecified"/>
  <testcase time="0.122" classname="org.openmrs.module.providermanagement.api.ProviderSuggestionServiceTest" name="suggestSuperviseesForProvider_shouldReturnAllProvidersBasedOnRules"/>
  <testcase time="0.121" classname="org.openmrs.module.providermanagement.api.ProviderSuggestionServiceTest" name="suggestSuperviseeForProvider_shouldIgnoreProvidersAlreadyAssignedToSupervise"/>
</testsuite>